"info","08/05/2010","22:21:29","Registering event ModelBeforeCreate"
"info","08/05/2010","22:21:29","Registering event ModelAfterCreate"
"info","08/05/2010","22:21:29","Registering event ModelBeforeDelete"
"info","08/05/2010","22:21:29","Registering event ModelAfterDelete"
"info","08/05/2010","22:21:29","Registering event ModelBeforeUpdate"
"info","08/05/2010","22:21:29","Registering event ModelAfterUpdate"
"info","08/05/2010","22:21:29","Registering event ModelOnInvalidBean"
"info","08/05/2010","22:21:29","Registering event GatewayBeforeRead"
"info","08/05/2010","22:21:29","Registering event GatewayAfterRead"
"info","08/05/2010","22:21:29","Registering event GatewayBeforeList"
"info","08/05/2010","22:21:29","Registering event GatewayAfterList"
"info","08/05/2010","22:23:51","Registering event ModelBeforeCreate"
"info","08/05/2010","22:23:51","Registering event ModelAfterCreate"
"info","08/05/2010","22:23:51","Registering event ModelBeforeDelete"
"info","08/05/2010","22:23:51","Registering event ModelAfterDelete"
"info","08/05/2010","22:23:51","Registering event ModelBeforeUpdate"
"info","08/05/2010","22:23:51","Registering event ModelAfterUpdate"
"info","08/05/2010","22:23:51","Registering event ModelOnInvalidBean"
"info","08/05/2010","22:23:51","Registering event GatewayBeforeRead"
"info","08/05/2010","22:23:51","Registering event GatewayAfterRead"
"info","08/05/2010","22:23:51","Registering event GatewayBeforeList"
"info","08/05/2010","22:23:51","Registering event GatewayAfterList"
"info","08/05/2010","22:26:36","Registering event ModelBeforeCreate"
"info","08/05/2010","22:26:36","Registering event ModelAfterCreate"
"info","08/05/2010","22:26:36","Registering event ModelBeforeDelete"
"info","08/05/2010","22:26:36","Registering event ModelAfterDelete"
"info","08/05/2010","22:26:36","Registering event ModelBeforeUpdate"
"info","08/05/2010","22:26:36","Registering event ModelAfterUpdate"
"info","08/05/2010","22:26:36","Registering event ModelOnInvalidBean"
"info","08/05/2010","22:26:36","Registering event GatewayBeforeRead"
"info","08/05/2010","22:26:36","Registering event GatewayAfterRead"
"info","08/05/2010","22:26:36","Registering event GatewayBeforeList"
"info","08/05/2010","22:26:36","Registering event GatewayAfterList"
"info","08/05/2010","22:29:07","Registering event ModelBeforeCreate"
"info","08/05/2010","22:29:07","Registering event ModelAfterCreate"
"info","08/05/2010","22:29:07","Registering event ModelBeforeDelete"
"info","08/05/2010","22:29:07","Registering event ModelAfterDelete"
"info","08/05/2010","22:29:07","Registering event ModelBeforeUpdate"
"info","08/05/2010","22:29:07","Registering event ModelAfterUpdate"
"info","08/05/2010","22:29:07","Registering event ModelOnInvalidBean"
"info","08/05/2010","22:29:07","Registering event GatewayBeforeRead"
"info","08/05/2010","22:29:07","Registering event GatewayAfterRead"
"info","08/05/2010","22:29:07","Registering event GatewayBeforeList"
"info","08/05/2010","22:29:07","Registering event GatewayAfterList"
"info","08/05/2010","22:35:33","Registering event ModelBeforeCreate"
"info","08/05/2010","22:35:33","Registering event ModelAfterCreate"
"info","08/05/2010","22:35:33","Registering event ModelBeforeDelete"
"info","08/05/2010","22:35:33","Registering event ModelAfterDelete"
"info","08/05/2010","22:35:33","Registering event ModelBeforeUpdate"
"info","08/05/2010","22:35:33","Registering event ModelAfterUpdate"
"info","08/05/2010","22:35:33","Registering event ModelOnInvalidBean"
"info","08/05/2010","22:35:33","Registering event GatewayBeforeRead"
"info","08/05/2010","22:35:33","Registering event GatewayAfterRead"
"info","08/05/2010","22:35:33","Registering event GatewayBeforeList"
"info","08/05/2010","22:35:33","Registering event GatewayAfterList"
"info","08/05/2010","22:43:25","Registering event ModelBeforeCreate"
"info","08/05/2010","22:43:25","Registering event ModelAfterCreate"
"info","08/05/2010","22:43:25","Registering event ModelBeforeDelete"
"info","08/05/2010","22:43:25","Registering event ModelAfterDelete"
"info","08/05/2010","22:43:25","Registering event ModelBeforeUpdate"
"info","08/05/2010","22:43:25","Registering event ModelAfterUpdate"
"info","08/05/2010","22:43:25","Registering event ModelOnInvalidBean"
"info","08/05/2010","22:43:25","Registering event GatewayBeforeRead"
"info","08/05/2010","22:43:25","Registering event GatewayAfterRead"
"info","08/05/2010","22:43:25","Registering event GatewayBeforeList"
"info","08/05/2010","22:43:25","Registering event GatewayAfterList"
"info","08/05/2010","22:43:26","Registering event ModelBeforeCreate"
"info","08/05/2010","22:43:26","Registering event ModelAfterCreate"
"info","08/05/2010","22:43:26","Registering event ModelBeforeDelete"
"info","08/05/2010","22:43:26","Registering event ModelAfterDelete"
"info","08/05/2010","22:43:26","Registering event ModelBeforeUpdate"
"info","08/05/2010","22:43:26","Registering event ModelAfterUpdate"
"info","08/05/2010","22:43:26","Registering event ModelOnInvalidBean"
"info","08/05/2010","22:43:26","Registering event GatewayBeforeRead"
"info","08/05/2010","22:43:26","Registering event GatewayAfterRead"
"info","08/05/2010","22:43:26","Registering event GatewayBeforeList"
"info","08/05/2010","22:43:26","Registering event GatewayAfterList"
"info","08/05/2010","22:43:26","Registering event ModelBeforeCreate"
"info","08/05/2010","22:43:26","Registering event ModelAfterCreate"
"info","08/05/2010","22:43:26","Registering event ModelBeforeDelete"
"info","08/05/2010","22:43:26","Registering event ModelAfterDelete"
"info","08/05/2010","22:43:26","Registering event ModelBeforeUpdate"
"info","08/05/2010","22:43:26","Registering event ModelAfterUpdate"
"info","08/05/2010","22:43:26","Registering event ModelOnInvalidBean"
"info","08/05/2010","22:43:26","Registering event GatewayBeforeRead"
"info","08/05/2010","22:43:26","Registering event GatewayAfterRead"
"info","08/05/2010","22:43:26","Registering event GatewayBeforeList"
"info","08/05/2010","22:43:26","Registering event GatewayAfterList"
"info","08/05/2010","22:43:26","Registering event ModelBeforeCreate"
"info","08/05/2010","22:43:26","Registering event ModelAfterCreate"
"info","08/05/2010","22:43:26","Registering event ModelBeforeDelete"
"info","08/05/2010","22:43:26","Registering event ModelAfterDelete"
"info","08/05/2010","22:43:26","Registering event ModelBeforeUpdate"
"info","08/05/2010","22:43:26","Registering event ModelAfterUpdate"
"info","08/05/2010","22:43:26","Registering event ModelOnInvalidBean"
"info","08/05/2010","22:43:26","Registering event GatewayBeforeRead"
"info","08/05/2010","22:43:26","Registering event GatewayAfterRead"
"info","08/05/2010","22:43:26","Registering event GatewayBeforeList"
"info","08/05/2010","22:43:26","Registering event GatewayAfterList"
"info","08/05/2010","22:43:27","Registering event ModelBeforeCreate"
"info","08/05/2010","22:43:27","Registering event ModelAfterCreate"
"info","08/05/2010","22:43:27","Registering event ModelBeforeDelete"
"info","08/05/2010","22:43:27","Registering event ModelAfterDelete"
"info","08/05/2010","22:43:27","Registering event ModelBeforeUpdate"
"info","08/05/2010","22:43:27","Registering event ModelAfterUpdate"
"info","08/05/2010","22:43:27","Registering event ModelOnInvalidBean"
"info","08/05/2010","22:43:27","Registering event GatewayBeforeRead"
"info","08/05/2010","22:43:27","Registering event GatewayAfterRead"
"info","08/05/2010","22:43:27","Registering event GatewayBeforeList"
"info","08/05/2010","22:43:27","Registering event GatewayAfterList"
"info","08/05/2010","22:43:27","Registering event ModelBeforeCreate"
"info","08/05/2010","22:43:27","Registering event ModelAfterCreate"
"info","08/05/2010","22:43:27","Registering event ModelBeforeDelete"
"info","08/05/2010","22:43:27","Registering event ModelAfterDelete"
"info","08/05/2010","22:43:27","Registering event ModelBeforeUpdate"
"info","08/05/2010","22:43:27","Registering event ModelAfterUpdate"
"info","08/05/2010","22:43:27","Registering event ModelOnInvalidBean"
"info","08/05/2010","22:43:27","Registering event GatewayBeforeRead"
"info","08/05/2010","22:43:27","Registering event GatewayAfterRead"
"info","08/05/2010","22:43:27","Registering event GatewayBeforeList"
"info","08/05/2010","22:43:27","Registering event GatewayAfterList"
"info","08/05/2010","22:43:28","Registering event ModelBeforeCreate"
"info","08/05/2010","22:43:28","Registering event ModelAfterCreate"
"info","08/05/2010","22:43:28","Registering event ModelBeforeDelete"
"info","08/05/2010","22:43:28","Registering event ModelAfterDelete"
"info","08/05/2010","22:43:28","Registering event ModelBeforeUpdate"
"info","08/05/2010","22:43:28","Registering event ModelAfterUpdate"
"info","08/05/2010","22:43:28","Registering event ModelOnInvalidBean"
"info","08/05/2010","22:43:28","Registering event GatewayBeforeRead"
"info","08/05/2010","22:43:28","Registering event GatewayAfterRead"
"info","08/05/2010","22:43:28","Registering event GatewayBeforeList"
"info","08/05/2010","22:43:28","Registering event GatewayAfterList"
"info","08/05/2010","22:43:28","Registering event ModelBeforeCreate"
"info","08/05/2010","22:43:28","Registering event ModelAfterCreate"
"info","08/05/2010","22:43:28","Registering event ModelBeforeDelete"
"info","08/05/2010","22:43:28","Registering event ModelAfterDelete"
"info","08/05/2010","22:43:28","Registering event ModelBeforeUpdate"
"info","08/05/2010","22:43:28","Registering event ModelAfterUpdate"
"info","08/05/2010","22:43:28","Registering event ModelOnInvalidBean"
"info","08/05/2010","22:43:28","Registering event GatewayBeforeRead"
"info","08/05/2010","22:43:28","Registering event GatewayAfterRead"
"info","08/05/2010","22:43:28","Registering event GatewayBeforeList"
"info","08/05/2010","22:43:28","Registering event GatewayAfterList"
"info","08/05/2010","22:43:43","Registering event ModelBeforeCreate"
"info","08/05/2010","22:43:43","Registering event ModelAfterCreate"
"info","08/05/2010","22:43:43","Registering event ModelBeforeDelete"
"info","08/05/2010","22:43:43","Registering event ModelAfterDelete"
"info","08/05/2010","22:43:43","Registering event ModelBeforeUpdate"
"info","08/05/2010","22:43:43","Registering event ModelAfterUpdate"
"info","08/05/2010","22:43:43","Registering event ModelOnInvalidBean"
"info","08/05/2010","22:43:43","Registering event GatewayBeforeRead"
"info","08/05/2010","22:43:43","Registering event GatewayAfterRead"
"info","08/05/2010","22:43:43","Registering event GatewayBeforeList"
"info","08/05/2010","22:43:43","Registering event GatewayAfterList"
"info","08/05/2010","22:46:40","Registering event ModelBeforeCreate"
"info","08/05/2010","22:46:40","Registering event ModelAfterCreate"
"info","08/05/2010","22:46:40","Registering event ModelBeforeDelete"
"info","08/05/2010","22:46:40","Registering event ModelAfterDelete"
"info","08/05/2010","22:46:40","Registering event ModelBeforeUpdate"
"info","08/05/2010","22:46:40","Registering event ModelAfterUpdate"
"info","08/05/2010","22:46:40","Registering event ModelOnInvalidBean"
"info","08/05/2010","22:46:40","Registering event GatewayBeforeRead"
"info","08/05/2010","22:46:40","Registering event GatewayAfterRead"
"info","08/05/2010","22:46:40","Registering event GatewayBeforeList"
"info","08/05/2010","22:46:40","Registering event GatewayAfterList"
"info","08/05/2010","22:47:25","Registering event ModelBeforeCreate"
"info","08/05/2010","22:47:25","Registering event ModelAfterCreate"
"info","08/05/2010","22:47:25","Registering event ModelBeforeDelete"
"info","08/05/2010","22:47:25","Registering event ModelAfterDelete"
"info","08/05/2010","22:47:25","Registering event ModelBeforeUpdate"
"info","08/05/2010","22:47:25","Registering event ModelAfterUpdate"
"info","08/05/2010","22:47:25","Registering event ModelOnInvalidBean"
"info","08/05/2010","22:47:25","Registering event GatewayBeforeRead"
"info","08/05/2010","22:47:25","Registering event GatewayAfterRead"
"info","08/05/2010","22:47:25","Registering event GatewayBeforeList"
"info","08/05/2010","22:47:25","Registering event GatewayAfterList"
"info","08/05/2010","22:55:48","Registering event ModelBeforeCreate"
"info","08/05/2010","22:55:48","Registering event ModelAfterCreate"
"info","08/05/2010","22:55:48","Registering event ModelBeforeDelete"
"info","08/05/2010","22:55:48","Registering event ModelAfterDelete"
"info","08/05/2010","22:55:48","Registering event ModelBeforeUpdate"
"info","08/05/2010","22:55:48","Registering event ModelAfterUpdate"
"info","08/05/2010","22:55:48","Registering event ModelOnInvalidBean"
"info","08/05/2010","22:55:48","Registering event GatewayBeforeRead"
"info","08/05/2010","22:55:48","Registering event GatewayAfterRead"
"info","08/05/2010","22:55:48","Registering event GatewayBeforeList"
"info","08/05/2010","22:55:48","Registering event GatewayAfterList"
"info","08/05/2010","22:56:57","Registering event ModelBeforeCreate"
"info","08/05/2010","22:56:57","Registering event ModelAfterCreate"
"info","08/05/2010","22:56:57","Registering event ModelBeforeDelete"
"info","08/05/2010","22:56:57","Registering event ModelAfterDelete"
"info","08/05/2010","22:56:57","Registering event ModelBeforeUpdate"
"info","08/05/2010","22:56:57","Registering event ModelAfterUpdate"
"info","08/05/2010","22:56:57","Registering event ModelOnInvalidBean"
"info","08/05/2010","22:56:57","Registering event GatewayBeforeRead"
"info","08/05/2010","22:56:57","Registering event GatewayAfterRead"
"info","08/05/2010","22:56:57","Registering event GatewayBeforeList"
"info","08/05/2010","22:56:57","Registering event GatewayAfterList"
"info","08/05/2010","22:58:27","Registering event ModelBeforeCreate"
"info","08/05/2010","22:58:27","Registering event ModelAfterCreate"
"info","08/05/2010","22:58:27","Registering event ModelBeforeDelete"
"info","08/05/2010","22:58:27","Registering event ModelAfterDelete"
"info","08/05/2010","22:58:27","Registering event ModelBeforeUpdate"
"info","08/05/2010","22:58:27","Registering event ModelAfterUpdate"
"info","08/05/2010","22:58:27","Registering event ModelOnInvalidBean"
"info","08/05/2010","22:58:27","Registering event GatewayBeforeRead"
"info","08/05/2010","22:58:27","Registering event GatewayAfterRead"
"info","08/05/2010","22:58:27","Registering event GatewayBeforeList"
"info","08/05/2010","22:58:27","Registering event GatewayAfterList"
"info","08/05/2010","23:00:31","Registering event ModelBeforeCreate"
"info","08/05/2010","23:00:31","Registering event ModelAfterCreate"
"info","08/05/2010","23:00:31","Registering event ModelBeforeDelete"
"info","08/05/2010","23:00:31","Registering event ModelAfterDelete"
"info","08/05/2010","23:00:31","Registering event ModelBeforeUpdate"
"info","08/05/2010","23:00:31","Registering event ModelAfterUpdate"
"info","08/05/2010","23:00:31","Registering event ModelOnInvalidBean"
"info","08/05/2010","23:00:31","Registering event GatewayBeforeRead"
"info","08/05/2010","23:00:31","Registering event GatewayAfterRead"
"info","08/05/2010","23:00:31","Registering event GatewayBeforeList"
"info","08/05/2010","23:00:31","Registering event GatewayAfterList"
"info","08/05/2010","23:00:54","Registering event ModelBeforeCreate"
"info","08/05/2010","23:00:54","Registering event ModelAfterCreate"
"info","08/05/2010","23:00:54","Registering event ModelBeforeDelete"
"info","08/05/2010","23:00:54","Registering event ModelAfterDelete"
"info","08/05/2010","23:00:54","Registering event ModelBeforeUpdate"
"info","08/05/2010","23:00:54","Registering event ModelAfterUpdate"
"info","08/05/2010","23:00:54","Registering event ModelOnInvalidBean"
"info","08/05/2010","23:00:54","Registering event GatewayBeforeRead"
"info","08/05/2010","23:00:54","Registering event GatewayAfterRead"
"info","08/05/2010","23:00:54","Registering event GatewayBeforeList"
"info","08/05/2010","23:00:54","Registering event GatewayAfterList"
"info","08/05/2010","23:01:36","Registering event ModelBeforeCreate"
"info","08/05/2010","23:01:36","Registering event ModelAfterCreate"
"info","08/05/2010","23:01:36","Registering event ModelBeforeDelete"
"info","08/05/2010","23:01:36","Registering event ModelAfterDelete"
"info","08/05/2010","23:01:36","Registering event ModelBeforeUpdate"
"info","08/05/2010","23:01:36","Registering event ModelAfterUpdate"
"info","08/05/2010","23:01:36","Registering event ModelOnInvalidBean"
"info","08/05/2010","23:01:36","Registering event GatewayBeforeRead"
"info","08/05/2010","23:01:36","Registering event GatewayAfterRead"
"info","08/05/2010","23:01:36","Registering event GatewayBeforeList"
"info","08/05/2010","23:01:36","Registering event GatewayAfterList"
"info","08/05/2010","23:04:41","Registering event ModelBeforeCreate"
"info","08/05/2010","23:04:41","Registering event ModelAfterCreate"
"info","08/05/2010","23:04:41","Registering event ModelBeforeDelete"
"info","08/05/2010","23:04:41","Registering event ModelAfterDelete"
"info","08/05/2010","23:04:41","Registering event ModelBeforeUpdate"
"info","08/05/2010","23:04:41","Registering event ModelAfterUpdate"
"info","08/05/2010","23:04:41","Registering event ModelOnInvalidBean"
"info","08/05/2010","23:04:41","Registering event GatewayBeforeRead"
"info","08/05/2010","23:04:41","Registering event GatewayAfterRead"
"info","08/05/2010","23:04:41","Registering event GatewayBeforeList"
"info","08/05/2010","23:04:41","Registering event GatewayAfterList"
"info","08/05/2010","23:05:15","Registering event ModelBeforeCreate"
"info","08/05/2010","23:05:15","Registering event ModelAfterCreate"
"info","08/05/2010","23:05:15","Registering event ModelBeforeDelete"
"info","08/05/2010","23:05:15","Registering event ModelAfterDelete"
"info","08/05/2010","23:05:15","Registering event ModelBeforeUpdate"
"info","08/05/2010","23:05:15","Registering event ModelAfterUpdate"
"info","08/05/2010","23:05:15","Registering event ModelOnInvalidBean"
"info","08/05/2010","23:05:15","Registering event GatewayBeforeRead"
"info","08/05/2010","23:05:15","Registering event GatewayAfterRead"
"info","08/05/2010","23:05:15","Registering event GatewayBeforeList"
"info","08/05/2010","23:05:15","Registering event GatewayAfterList"
"info","08/05/2010","23:05:18","Registering event ModelBeforeCreate"
"info","08/05/2010","23:05:18","Registering event ModelAfterCreate"
"info","08/05/2010","23:05:18","Registering event ModelBeforeDelete"
"info","08/05/2010","23:05:19","Registering event ModelAfterDelete"
"info","08/05/2010","23:05:19","Registering event ModelBeforeUpdate"
"info","08/05/2010","23:05:19","Registering event ModelAfterUpdate"
"info","08/05/2010","23:05:19","Registering event ModelOnInvalidBean"
"info","08/05/2010","23:05:19","Registering event GatewayBeforeRead"
"info","08/05/2010","23:05:19","Registering event GatewayAfterRead"
"info","08/05/2010","23:05:19","Registering event GatewayBeforeList"
"info","08/05/2010","23:05:19","Registering event GatewayAfterList"
"info","08/05/2010","23:05:19","Dispatched Event ModelBeforeCreate"
"info","08/05/2010","23:05:19","Registering event ModelBeforeCreate"
"info","08/05/2010","23:05:19","Registering event ModelAfterCreate"
"info","08/05/2010","23:05:19","Registering event ModelBeforeDelete"
"info","08/05/2010","23:05:19","Registering event ModelAfterDelete"
"info","08/05/2010","23:05:19","Registering event ModelBeforeUpdate"
"info","08/05/2010","23:05:19","Registering event ModelAfterUpdate"
"info","08/05/2010","23:05:19","Registering event ModelOnInvalidBean"
"info","08/05/2010","23:05:19","Registering event GatewayBeforeRead"
"info","08/05/2010","23:05:19","Registering event GatewayAfterRead"
"info","08/05/2010","23:05:19","Registering event GatewayBeforeList"
"info","08/05/2010","23:05:19","Registering event GatewayAfterList"
"info","08/05/2010","23:05:20","Registering event ModelBeforeCreate"
"info","08/05/2010","23:05:20","Registering event ModelAfterCreate"
"info","08/05/2010","23:05:20","Registering event ModelBeforeDelete"
"info","08/05/2010","23:05:20","Registering event ModelAfterDelete"
"info","08/05/2010","23:05:20","Registering event ModelBeforeUpdate"
"info","08/05/2010","23:05:20","Registering event ModelAfterUpdate"
"info","08/05/2010","23:05:20","Registering event ModelOnInvalidBean"
"info","08/05/2010","23:05:20","Registering event GatewayBeforeRead"
"info","08/05/2010","23:05:20","Registering event GatewayAfterRead"
"info","08/05/2010","23:05:20","Registering event GatewayBeforeList"
"info","08/05/2010","23:05:20","Registering event GatewayAfterList"
"info","08/05/2010","23:05:20","Registering event ModelBeforeCreate"
"info","08/05/2010","23:05:20","Registering event ModelAfterCreate"
"info","08/05/2010","23:05:20","Registering event ModelBeforeDelete"
"info","08/05/2010","23:05:20","Registering event ModelAfterDelete"
"info","08/05/2010","23:05:20","Registering event ModelBeforeUpdate"
"info","08/05/2010","23:05:20","Registering event ModelAfterUpdate"
"info","08/05/2010","23:05:20","Registering event ModelOnInvalidBean"
"info","08/05/2010","23:05:20","Registering event GatewayBeforeRead"
"info","08/05/2010","23:05:20","Registering event GatewayAfterRead"
"info","08/05/2010","23:05:20","Registering event GatewayBeforeList"
"info","08/05/2010","23:05:20","Registering event GatewayAfterList"
"info","08/05/2010","23:05:21","Registering event ModelBeforeCreate"
"info","08/05/2010","23:05:21","Registering event ModelAfterCreate"
"info","08/05/2010","23:05:21","Registering event ModelBeforeDelete"
"info","08/05/2010","23:05:21","Registering event ModelAfterDelete"
"info","08/05/2010","23:05:21","Registering event ModelBeforeUpdate"
"info","08/05/2010","23:05:21","Registering event ModelAfterUpdate"
"info","08/05/2010","23:05:21","Registering event ModelOnInvalidBean"
"info","08/05/2010","23:05:21","Registering event GatewayBeforeRead"
"info","08/05/2010","23:05:21","Registering event GatewayAfterRead"
"info","08/05/2010","23:05:21","Registering event GatewayBeforeList"
"info","08/05/2010","23:05:21","Registering event GatewayAfterList"
"info","08/05/2010","23:05:21","Dispatched Event ModelBeforeCreate"
"info","08/05/2010","23:05:22","Registering event ModelBeforeCreate"
"info","08/05/2010","23:05:22","Registering event ModelAfterCreate"
"info","08/05/2010","23:05:22","Registering event ModelBeforeDelete"
"info","08/05/2010","23:05:22","Registering event ModelAfterDelete"
"info","08/05/2010","23:05:22","Registering event ModelBeforeUpdate"
"info","08/05/2010","23:05:22","Registering event ModelAfterUpdate"
"info","08/05/2010","23:05:22","Registering event ModelOnInvalidBean"
"info","08/05/2010","23:05:22","Registering event GatewayBeforeRead"
"info","08/05/2010","23:05:22","Registering event GatewayAfterRead"
"info","08/05/2010","23:05:22","Registering event GatewayBeforeList"
"info","08/05/2010","23:05:22","Registering event GatewayAfterList"
"info","08/05/2010","23:05:23","Registering event ModelBeforeCreate"
"info","08/05/2010","23:05:23","Registering event ModelAfterCreate"
"info","08/05/2010","23:05:23","Registering event ModelBeforeDelete"
"info","08/05/2010","23:05:23","Registering event ModelAfterDelete"
"info","08/05/2010","23:05:23","Registering event ModelBeforeUpdate"
"info","08/05/2010","23:05:23","Registering event ModelAfterUpdate"
"info","08/05/2010","23:05:23","Registering event ModelOnInvalidBean"
"info","08/05/2010","23:05:23","Registering event GatewayBeforeRead"
"info","08/05/2010","23:05:23","Registering event GatewayAfterRead"
"info","08/05/2010","23:05:23","Registering event GatewayBeforeList"
"info","08/05/2010","23:05:23","Registering event GatewayAfterList"
"info","08/05/2010","23:05:23","Dispatched Event ModelBeforeCreate"
"info","08/05/2010","23:05:24","Registering event ModelBeforeCreate"
"info","08/05/2010","23:05:24","Registering event ModelAfterCreate"
"info","08/05/2010","23:05:24","Registering event ModelBeforeDelete"
"info","08/05/2010","23:05:24","Registering event ModelAfterDelete"
"info","08/05/2010","23:05:24","Registering event ModelBeforeUpdate"
"info","08/05/2010","23:05:24","Registering event ModelAfterUpdate"
"info","08/05/2010","23:05:24","Registering event ModelOnInvalidBean"
"info","08/05/2010","23:05:24","Registering event GatewayBeforeRead"
"info","08/05/2010","23:05:24","Registering event GatewayAfterRead"
"info","08/05/2010","23:05:24","Registering event GatewayBeforeList"
"info","08/05/2010","23:05:24","Registering event GatewayAfterList"
"info","08/05/2010","23:05:24","Dispatched Event ModelBeforeCreate"
"info","08/05/2010","23:07:15","Registering event ModelBeforeCreate"
"info","08/05/2010","23:07:15","Registering event ModelAfterCreate"
"info","08/05/2010","23:07:15","Registering event ModelBeforeDelete"
"info","08/05/2010","23:07:15","Registering event ModelAfterDelete"
"info","08/05/2010","23:07:15","Registering event ModelBeforeUpdate"
"info","08/05/2010","23:07:15","Registering event ModelAfterUpdate"
"info","08/05/2010","23:07:15","Registering event ModelOnInvalidBean"
"info","08/05/2010","23:07:15","Registering event GatewayBeforeRead"
"info","08/05/2010","23:07:15","Registering event GatewayAfterRead"
"info","08/05/2010","23:07:15","Registering event GatewayBeforeList"
"info","08/05/2010","23:07:15","Registering event GatewayAfterList"
"info","08/05/2010","23:07:15","Dispatched Event ModelBeforeCreate"
"info","08/05/2010","23:07:16","Registering event ModelBeforeCreate"
"info","08/05/2010","23:07:16","Registering event ModelAfterCreate"
"info","08/05/2010","23:07:16","Registering event ModelBeforeDelete"
"info","08/05/2010","23:07:16","Registering event ModelAfterDelete"
"info","08/05/2010","23:07:16","Registering event ModelBeforeUpdate"
"info","08/05/2010","23:07:16","Registering event ModelAfterUpdate"
"info","08/05/2010","23:07:16","Registering event ModelOnInvalidBean"
"info","08/05/2010","23:07:16","Registering event GatewayBeforeRead"
"info","08/05/2010","23:07:16","Registering event GatewayAfterRead"
"info","08/05/2010","23:07:16","Registering event GatewayBeforeList"
"info","08/05/2010","23:07:16","Registering event GatewayAfterList"
"info","08/05/2010","23:07:17","Registering event ModelBeforeCreate"
"info","08/05/2010","23:07:17","Registering event ModelAfterCreate"
"info","08/05/2010","23:07:17","Registering event ModelBeforeDelete"
"info","08/05/2010","23:07:17","Registering event ModelAfterDelete"
"info","08/05/2010","23:07:17","Registering event ModelBeforeUpdate"
"info","08/05/2010","23:07:17","Registering event ModelAfterUpdate"
"info","08/05/2010","23:07:17","Registering event ModelOnInvalidBean"
"info","08/05/2010","23:07:17","Registering event GatewayBeforeRead"
"info","08/05/2010","23:07:17","Registering event GatewayAfterRead"
"info","08/05/2010","23:07:17","Registering event GatewayBeforeList"
"info","08/05/2010","23:07:17","Registering event GatewayAfterList"
"info","08/05/2010","23:07:17","Registering event ModelBeforeCreate"
"info","08/05/2010","23:07:17","Registering event ModelAfterCreate"
"info","08/05/2010","23:07:17","Registering event ModelBeforeDelete"
"info","08/05/2010","23:07:17","Registering event ModelAfterDelete"
"info","08/05/2010","23:07:17","Registering event ModelBeforeUpdate"
"info","08/05/2010","23:07:17","Registering event ModelAfterUpdate"
"info","08/05/2010","23:07:17","Registering event ModelOnInvalidBean"
"info","08/05/2010","23:07:17","Registering event GatewayBeforeRead"
"info","08/05/2010","23:07:17","Registering event GatewayAfterRead"
"info","08/05/2010","23:07:17","Registering event GatewayBeforeList"
"info","08/05/2010","23:07:17","Registering event GatewayAfterList"
"info","08/05/2010","23:07:18","Registering event ModelBeforeCreate"
"info","08/05/2010","23:07:18","Registering event ModelAfterCreate"
"info","08/05/2010","23:07:18","Registering event ModelBeforeDelete"
"info","08/05/2010","23:07:18","Registering event ModelAfterDelete"
"info","08/05/2010","23:07:18","Registering event ModelBeforeUpdate"
"info","08/05/2010","23:07:18","Registering event ModelAfterUpdate"
"info","08/05/2010","23:07:18","Registering event ModelOnInvalidBean"
"info","08/05/2010","23:07:18","Registering event GatewayBeforeRead"
"info","08/05/2010","23:07:18","Registering event GatewayAfterRead"
"info","08/05/2010","23:07:18","Registering event GatewayBeforeList"
"info","08/05/2010","23:07:18","Registering event GatewayAfterList"
"info","08/05/2010","23:07:18","Dispatched Event ModelBeforeCreate"
"info","08/05/2010","23:07:19","Registering event ModelBeforeCreate"
"info","08/05/2010","23:07:19","Registering event ModelAfterCreate"
"info","08/05/2010","23:07:19","Registering event ModelBeforeDelete"
"info","08/05/2010","23:07:19","Registering event ModelAfterDelete"
"info","08/05/2010","23:07:19","Registering event ModelBeforeUpdate"
"info","08/05/2010","23:07:19","Registering event ModelAfterUpdate"
"info","08/05/2010","23:07:19","Registering event ModelOnInvalidBean"
"info","08/05/2010","23:07:19","Registering event GatewayBeforeRead"
"info","08/05/2010","23:07:19","Registering event GatewayAfterRead"
"info","08/05/2010","23:07:19","Registering event GatewayBeforeList"
"info","08/05/2010","23:07:19","Registering event GatewayAfterList"
"info","08/05/2010","23:07:20","Registering event ModelBeforeCreate"
"info","08/05/2010","23:07:20","Registering event ModelAfterCreate"
"info","08/05/2010","23:07:20","Registering event ModelBeforeDelete"
"info","08/05/2010","23:07:20","Registering event ModelAfterDelete"
"info","08/05/2010","23:07:20","Registering event ModelBeforeUpdate"
"info","08/05/2010","23:07:20","Registering event ModelAfterUpdate"
"info","08/05/2010","23:07:20","Registering event ModelOnInvalidBean"
"info","08/05/2010","23:07:20","Registering event GatewayBeforeRead"
"info","08/05/2010","23:07:20","Registering event GatewayAfterRead"
"info","08/05/2010","23:07:20","Registering event GatewayBeforeList"
"info","08/05/2010","23:07:20","Registering event GatewayAfterList"
"info","08/05/2010","23:07:20","Dispatched Event ModelBeforeCreate"
"info","08/05/2010","23:07:21","Registering event ModelBeforeCreate"
"info","08/05/2010","23:07:21","Registering event ModelAfterCreate"
"info","08/05/2010","23:07:21","Registering event ModelBeforeDelete"
"info","08/05/2010","23:07:21","Registering event ModelAfterDelete"
"info","08/05/2010","23:07:21","Registering event ModelBeforeUpdate"
"info","08/05/2010","23:07:21","Registering event ModelAfterUpdate"
"info","08/05/2010","23:07:21","Registering event ModelOnInvalidBean"
"info","08/05/2010","23:07:21","Registering event GatewayBeforeRead"
"info","08/05/2010","23:07:21","Registering event GatewayAfterRead"
"info","08/05/2010","23:07:21","Registering event GatewayBeforeList"
"info","08/05/2010","23:07:21","Registering event GatewayAfterList"
"info","08/05/2010","23:07:21","Dispatched Event ModelBeforeCreate"
"info","08/05/2010","23:08:20","Registering event ModelBeforeCreate"
"info","08/05/2010","23:08:20","Registering event ModelAfterCreate"
"info","08/05/2010","23:08:20","Registering event ModelBeforeDelete"
"info","08/05/2010","23:08:20","Registering event ModelAfterDelete"
"info","08/05/2010","23:08:20","Registering event ModelBeforeUpdate"
"info","08/05/2010","23:08:20","Registering event ModelAfterUpdate"
"info","08/05/2010","23:08:20","Registering event ModelOnInvalidBean"
"info","08/05/2010","23:08:20","Registering event GatewayBeforeRead"
"info","08/05/2010","23:08:20","Registering event GatewayAfterRead"
"info","08/05/2010","23:08:20","Registering event GatewayBeforeList"
"info","08/05/2010","23:08:20","Registering event GatewayAfterList"
"info","08/05/2010","23:08:20","Dispatched Event ModelBeforeCreate"
"info","08/05/2010","23:08:21","Registering event ModelBeforeCreate"
"info","08/05/2010","23:08:21","Registering event ModelAfterCreate"
"info","08/05/2010","23:08:21","Registering event ModelBeforeDelete"
"info","08/05/2010","23:08:21","Registering event ModelAfterDelete"
"info","08/05/2010","23:08:21","Registering event ModelBeforeUpdate"
"info","08/05/2010","23:08:21","Registering event ModelAfterUpdate"
"info","08/05/2010","23:08:21","Registering event ModelOnInvalidBean"
"info","08/05/2010","23:08:21","Registering event GatewayBeforeRead"
"info","08/05/2010","23:08:21","Registering event GatewayAfterRead"
"info","08/05/2010","23:08:21","Registering event GatewayBeforeList"
"info","08/05/2010","23:08:21","Registering event GatewayAfterList"
"info","08/05/2010","23:08:22","Registering event ModelBeforeCreate"
"info","08/05/2010","23:08:22","Registering event ModelAfterCreate"
"info","08/05/2010","23:08:22","Registering event ModelBeforeDelete"
"info","08/05/2010","23:08:22","Registering event ModelAfterDelete"
"info","08/05/2010","23:08:22","Registering event ModelBeforeUpdate"
"info","08/05/2010","23:08:22","Registering event ModelAfterUpdate"
"info","08/05/2010","23:08:22","Registering event ModelOnInvalidBean"
"info","08/05/2010","23:08:22","Registering event GatewayBeforeRead"
"info","08/05/2010","23:08:22","Registering event GatewayAfterRead"
"info","08/05/2010","23:08:22","Registering event GatewayBeforeList"
"info","08/05/2010","23:08:22","Registering event GatewayAfterList"
"info","08/05/2010","23:08:22","Registering event ModelBeforeCreate"
"info","08/05/2010","23:08:22","Registering event ModelAfterCreate"
"info","08/05/2010","23:08:22","Registering event ModelBeforeDelete"
"info","08/05/2010","23:08:22","Registering event ModelAfterDelete"
"info","08/05/2010","23:08:22","Registering event ModelBeforeUpdate"
"info","08/05/2010","23:08:22","Registering event ModelAfterUpdate"
"info","08/05/2010","23:08:22","Registering event ModelOnInvalidBean"
"info","08/05/2010","23:08:22","Registering event GatewayBeforeRead"
"info","08/05/2010","23:08:22","Registering event GatewayAfterRead"
"info","08/05/2010","23:08:22","Registering event GatewayBeforeList"
"info","08/05/2010","23:08:22","Registering event GatewayAfterList"
"info","08/05/2010","23:08:23","Registering event ModelBeforeCreate"
"info","08/05/2010","23:08:23","Registering event ModelAfterCreate"
"info","08/05/2010","23:08:23","Registering event ModelBeforeDelete"
"info","08/05/2010","23:08:23","Registering event ModelAfterDelete"
"info","08/05/2010","23:08:23","Registering event ModelBeforeUpdate"
"info","08/05/2010","23:08:23","Registering event ModelAfterUpdate"
"info","08/05/2010","23:08:23","Registering event ModelOnInvalidBean"
"info","08/05/2010","23:08:23","Registering event GatewayBeforeRead"
"info","08/05/2010","23:08:23","Registering event GatewayAfterRead"
"info","08/05/2010","23:08:23","Registering event GatewayBeforeList"
"info","08/05/2010","23:08:23","Registering event GatewayAfterList"
"info","08/05/2010","23:08:23","Dispatched Event ModelBeforeCreate"
"info","08/05/2010","23:08:24","Registering event ModelBeforeCreate"
"info","08/05/2010","23:08:24","Registering event ModelAfterCreate"
"info","08/05/2010","23:08:24","Registering event ModelBeforeDelete"
"info","08/05/2010","23:08:24","Registering event ModelAfterDelete"
"info","08/05/2010","23:08:24","Registering event ModelBeforeUpdate"
"info","08/05/2010","23:08:24","Registering event ModelAfterUpdate"
"info","08/05/2010","23:08:24","Registering event ModelOnInvalidBean"
"info","08/05/2010","23:08:24","Registering event GatewayBeforeRead"
"info","08/05/2010","23:08:24","Registering event GatewayAfterRead"
"info","08/05/2010","23:08:24","Registering event GatewayBeforeList"
"info","08/05/2010","23:08:24","Registering event GatewayAfterList"
"info","08/05/2010","23:08:25","Registering event ModelBeforeCreate"
"info","08/05/2010","23:08:25","Registering event ModelAfterCreate"
"info","08/05/2010","23:08:25","Registering event ModelBeforeDelete"
"info","08/05/2010","23:08:25","Registering event ModelAfterDelete"
"info","08/05/2010","23:08:25","Registering event ModelBeforeUpdate"
"info","08/05/2010","23:08:25","Registering event ModelAfterUpdate"
"info","08/05/2010","23:08:25","Registering event ModelOnInvalidBean"
"info","08/05/2010","23:08:25","Registering event GatewayBeforeRead"
"info","08/05/2010","23:08:25","Registering event GatewayAfterRead"
"info","08/05/2010","23:08:25","Registering event GatewayBeforeList"
"info","08/05/2010","23:08:25","Registering event GatewayAfterList"
"info","08/05/2010","23:08:25","Dispatched Event ModelBeforeCreate"
"info","08/05/2010","23:08:26","Registering event ModelBeforeCreate"
"info","08/05/2010","23:08:26","Registering event ModelAfterCreate"
"info","08/05/2010","23:08:26","Registering event ModelBeforeDelete"
"info","08/05/2010","23:08:26","Registering event ModelAfterDelete"
"info","08/05/2010","23:08:26","Registering event ModelBeforeUpdate"
"info","08/05/2010","23:08:26","Registering event ModelAfterUpdate"
"info","08/05/2010","23:08:26","Registering event ModelOnInvalidBean"
"info","08/05/2010","23:08:26","Registering event GatewayBeforeRead"
"info","08/05/2010","23:08:26","Registering event GatewayAfterRead"
"info","08/05/2010","23:08:26","Registering event GatewayBeforeList"
"info","08/05/2010","23:08:26","Registering event GatewayAfterList"
"info","08/05/2010","23:08:26","Dispatched Event ModelBeforeCreate"
"info","08/05/2010","23:08:45","Registering event ModelBeforeCreate"
"info","08/05/2010","23:08:45","Registering event ModelAfterCreate"
"info","08/05/2010","23:08:45","Registering event ModelBeforeDelete"
"info","08/05/2010","23:08:45","Registering event ModelAfterDelete"
"info","08/05/2010","23:08:45","Registering event ModelBeforeUpdate"
"info","08/05/2010","23:08:45","Registering event ModelAfterUpdate"
"info","08/05/2010","23:08:45","Registering event ModelOnInvalidBean"
"info","08/05/2010","23:08:45","Registering event GatewayBeforeRead"
"info","08/05/2010","23:08:45","Registering event GatewayAfterRead"
"info","08/05/2010","23:08:45","Registering event GatewayBeforeList"
"info","08/05/2010","23:08:45","Registering event GatewayAfterList"
"info","08/05/2010","23:08:46","Dispatched Event ModelBeforeCreate"
"info","08/05/2010","23:09:42","Registering event ModelBeforeCreate"
"info","08/05/2010","23:09:42","Registering event ModelAfterCreate"
"info","08/05/2010","23:09:42","Registering event ModelBeforeDelete"
"info","08/05/2010","23:09:42","Registering event ModelAfterDelete"
"info","08/05/2010","23:09:42","Registering event ModelBeforeUpdate"
"info","08/05/2010","23:09:42","Registering event ModelAfterUpdate"
"info","08/05/2010","23:09:42","Registering event ModelOnInvalidBean"
"info","08/05/2010","23:09:42","Registering event GatewayBeforeRead"
"info","08/05/2010","23:09:42","Registering event GatewayAfterRead"
"info","08/05/2010","23:09:42","Registering event GatewayBeforeList"
"info","08/05/2010","23:09:42","Registering event GatewayAfterList"
"info","08/05/2010","23:09:42","Dispatched Event ModelBeforeCreate"
"info","08/05/2010","23:09:42","Dispatched Event ModelAfterCreate"
"info","08/05/2010","23:09:43","Registering event ModelBeforeCreate"
"info","08/05/2010","23:09:43","Registering event ModelAfterCreate"
"info","08/05/2010","23:09:43","Registering event ModelBeforeDelete"
"info","08/05/2010","23:09:43","Registering event ModelAfterDelete"
"info","08/05/2010","23:09:43","Registering event ModelBeforeUpdate"
"info","08/05/2010","23:09:43","Registering event ModelAfterUpdate"
"info","08/05/2010","23:09:43","Registering event ModelOnInvalidBean"
"info","08/05/2010","23:09:43","Registering event GatewayBeforeRead"
"info","08/05/2010","23:09:43","Registering event GatewayAfterRead"
"info","08/05/2010","23:09:43","Registering event GatewayBeforeList"
"info","08/05/2010","23:09:43","Registering event GatewayAfterList"
"info","08/05/2010","23:09:43","Registering event ModelBeforeCreate"
"info","08/05/2010","23:09:43","Registering event ModelAfterCreate"
"info","08/05/2010","23:09:44","Registering event ModelBeforeDelete"
"info","08/05/2010","23:09:44","Registering event ModelAfterDelete"
"info","08/05/2010","23:09:44","Registering event ModelBeforeUpdate"
"info","08/05/2010","23:09:44","Registering event ModelAfterUpdate"
"info","08/05/2010","23:09:44","Registering event ModelOnInvalidBean"
"info","08/05/2010","23:09:44","Registering event GatewayBeforeRead"
"info","08/05/2010","23:09:44","Registering event GatewayAfterRead"
"info","08/05/2010","23:09:44","Registering event GatewayBeforeList"
"info","08/05/2010","23:09:44","Registering event GatewayAfterList"
"info","08/05/2010","23:09:44","Registering event ModelBeforeCreate"
"info","08/05/2010","23:09:44","Registering event ModelAfterCreate"
"info","08/05/2010","23:09:44","Registering event ModelBeforeDelete"
"info","08/05/2010","23:09:44","Registering event ModelAfterDelete"
"info","08/05/2010","23:09:44","Registering event ModelBeforeUpdate"
"info","08/05/2010","23:09:44","Registering event ModelAfterUpdate"
"info","08/05/2010","23:09:44","Registering event ModelOnInvalidBean"
"info","08/05/2010","23:09:44","Registering event GatewayBeforeRead"
"info","08/05/2010","23:09:44","Registering event GatewayAfterRead"
"info","08/05/2010","23:09:44","Registering event GatewayBeforeList"
"info","08/05/2010","23:09:44","Registering event GatewayAfterList"
"info","08/05/2010","23:09:45","Registering event ModelBeforeCreate"
"info","08/05/2010","23:09:45","Registering event ModelAfterCreate"
"info","08/05/2010","23:09:45","Registering event ModelBeforeDelete"
"info","08/05/2010","23:09:45","Registering event ModelAfterDelete"
"info","08/05/2010","23:09:45","Registering event ModelBeforeUpdate"
"info","08/05/2010","23:09:45","Registering event ModelAfterUpdate"
"info","08/05/2010","23:09:45","Registering event ModelOnInvalidBean"
"info","08/05/2010","23:09:45","Registering event GatewayBeforeRead"
"info","08/05/2010","23:09:45","Registering event GatewayAfterRead"
"info","08/05/2010","23:09:45","Registering event GatewayBeforeList"
"info","08/05/2010","23:09:45","Registering event GatewayAfterList"
"info","08/05/2010","23:09:45","Dispatched Event ModelBeforeCreate"
"info","08/05/2010","23:09:45","Dispatched Event ModelAfterCreate"
"info","08/05/2010","23:09:46","Registering event ModelBeforeCreate"
"info","08/05/2010","23:09:46","Registering event ModelAfterCreate"
"info","08/05/2010","23:09:46","Registering event ModelBeforeDelete"
"info","08/05/2010","23:09:46","Registering event ModelAfterDelete"
"info","08/05/2010","23:09:46","Registering event ModelBeforeUpdate"
"info","08/05/2010","23:09:46","Registering event ModelAfterUpdate"
"info","08/05/2010","23:09:46","Registering event ModelOnInvalidBean"
"info","08/05/2010","23:09:46","Registering event GatewayBeforeRead"
"info","08/05/2010","23:09:46","Registering event GatewayAfterRead"
"info","08/05/2010","23:09:46","Registering event GatewayBeforeList"
"info","08/05/2010","23:09:46","Registering event GatewayAfterList"
"info","08/05/2010","23:09:47","Registering event ModelBeforeCreate"
"info","08/05/2010","23:09:47","Registering event ModelAfterCreate"
"info","08/05/2010","23:09:47","Registering event ModelBeforeDelete"
"info","08/05/2010","23:09:47","Registering event ModelAfterDelete"
"info","08/05/2010","23:09:47","Registering event ModelBeforeUpdate"
"info","08/05/2010","23:09:47","Registering event ModelAfterUpdate"
"info","08/05/2010","23:09:47","Registering event ModelOnInvalidBean"
"info","08/05/2010","23:09:47","Registering event GatewayBeforeRead"
"info","08/05/2010","23:09:47","Registering event GatewayAfterRead"
"info","08/05/2010","23:09:47","Registering event GatewayBeforeList"
"info","08/05/2010","23:09:47","Registering event GatewayAfterList"
"info","08/05/2010","23:09:47","Dispatched Event ModelBeforeCreate"
"info","08/05/2010","23:09:47","Dispatched Event ModelAfterCreate"
"info","08/05/2010","23:09:47","Dispatched Event ModelBeforeUpdate"
"info","08/05/2010","23:09:47","Dispatched Event ModelAfterUpdate"
"info","08/05/2010","23:09:47","Dispatched Event GatewayBeforeRead"
"info","08/05/2010","23:09:48","Registering event ModelBeforeCreate"
"info","08/05/2010","23:09:48","Registering event ModelAfterCreate"
"info","08/05/2010","23:09:48","Registering event ModelBeforeDelete"
"info","08/05/2010","23:09:48","Registering event ModelAfterDelete"
"info","08/05/2010","23:09:48","Registering event ModelBeforeUpdate"
"info","08/05/2010","23:09:48","Registering event ModelAfterUpdate"
"info","08/05/2010","23:09:48","Registering event ModelOnInvalidBean"
"info","08/05/2010","23:09:48","Registering event GatewayBeforeRead"
"info","08/05/2010","23:09:48","Registering event GatewayAfterRead"
"info","08/05/2010","23:09:48","Registering event GatewayBeforeList"
"info","08/05/2010","23:09:48","Registering event GatewayAfterList"
"info","08/05/2010","23:09:48","Dispatched Event ModelBeforeCreate"
"info","08/05/2010","23:09:49","Dispatched Event ModelAfterCreate"
"info","08/05/2010","23:09:49","Dispatched Event ModelBeforeCreate"
"info","08/05/2010","23:09:49","Dispatched Event ModelAfterCreate"
"info","08/05/2010","23:09:49","Dispatched Event GatewayBeforeRead"
"info","08/05/2010","23:11:44","Registering event ModelBeforeCreate"
"info","08/05/2010","23:11:44","Registering event ModelAfterCreate"
"info","08/05/2010","23:11:44","Registering event ModelBeforeDelete"
"info","08/05/2010","23:11:44","Registering event ModelAfterDelete"
"info","08/05/2010","23:11:44","Registering event ModelBeforeUpdate"
"info","08/05/2010","23:11:44","Registering event ModelAfterUpdate"
"info","08/05/2010","23:11:44","Registering event ModelOnInvalidBean"
"info","08/05/2010","23:11:44","Registering event GatewayBeforeRead"
"info","08/05/2010","23:11:44","Registering event GatewayAfterRead"
"info","08/05/2010","23:11:44","Registering event GatewayBeforeList"
"info","08/05/2010","23:11:44","Registering event GatewayAfterList"
"info","08/05/2010","23:11:45","Dispatched Event ModelBeforeCreate"
"info","08/05/2010","23:11:45","Dispatched Event ModelAfterCreate"
"info","08/05/2010","23:12:33","Registering event ModelBeforeCreate"
"info","08/05/2010","23:12:33","Registering event ModelAfterCreate"
"info","08/05/2010","23:12:33","Registering event ModelBeforeDelete"
"info","08/05/2010","23:12:33","Registering event ModelAfterDelete"
"info","08/05/2010","23:12:33","Registering event ModelBeforeUpdate"
"info","08/05/2010","23:12:33","Registering event ModelAfterUpdate"
"info","08/05/2010","23:12:33","Registering event ModelOnInvalidBean"
"info","08/05/2010","23:12:33","Registering event GatewayBeforeRead"
"info","08/05/2010","23:12:33","Registering event GatewayAfterRead"
"info","08/05/2010","23:12:33","Registering event GatewayBeforeList"
"info","08/05/2010","23:12:33","Registering event GatewayAfterList"
"info","08/05/2010","23:12:33","Dispatched Event ModelBeforeCreate"
"info","08/05/2010","23:12:34","Dispatched Event ModelAfterCreate"
"info","08/05/2010","23:12:50","Registering event ModelBeforeCreate"
"info","08/05/2010","23:12:50","Registering event ModelAfterCreate"
"info","08/05/2010","23:12:50","Registering event ModelBeforeDelete"
"info","08/05/2010","23:12:50","Registering event ModelAfterDelete"
"info","08/05/2010","23:12:50","Registering event ModelBeforeUpdate"
"info","08/05/2010","23:12:50","Registering event ModelAfterUpdate"
"info","08/05/2010","23:12:50","Registering event ModelOnInvalidBean"
"info","08/05/2010","23:12:50","Registering event GatewayBeforeRead"
"info","08/05/2010","23:12:50","Registering event GatewayAfterRead"
"info","08/05/2010","23:12:50","Registering event GatewayBeforeList"
"info","08/05/2010","23:12:50","Registering event GatewayAfterList"
"info","08/05/2010","23:12:50","Dispatched Event ModelBeforeCreate"
"info","08/05/2010","23:12:51","Dispatched Event ModelAfterCreate"
"info","08/05/2010","23:20:06","Registering event ModelBeforeCreate"
"info","08/05/2010","23:20:06","Registering event ModelAfterCreate"
"info","08/05/2010","23:20:06","Registering event ModelBeforeDelete"
"info","08/05/2010","23:20:06","Registering event ModelAfterDelete"
"info","08/05/2010","23:20:06","Registering event ModelBeforeUpdate"
"info","08/05/2010","23:20:06","Registering event ModelAfterUpdate"
"info","08/05/2010","23:20:06","Registering event ModelOnInvalidBean"
"info","08/05/2010","23:20:06","Registering event GatewayBeforeRead"
"info","08/05/2010","23:20:06","Registering event GatewayAfterRead"
"info","08/05/2010","23:20:06","Registering event GatewayBeforeList"
"info","08/05/2010","23:20:06","Registering event GatewayAfterList"
"info","08/05/2010","23:20:53","Registering event ModelBeforeCreate"
"info","08/05/2010","23:20:53","Registering event ModelAfterCreate"
"info","08/05/2010","23:20:53","Registering event ModelBeforeDelete"
"info","08/05/2010","23:20:53","Registering event ModelAfterDelete"
"info","08/05/2010","23:20:53","Registering event ModelBeforeUpdate"
"info","08/05/2010","23:20:53","Registering event ModelAfterUpdate"
"info","08/05/2010","23:20:53","Registering event ModelOnInvalidBean"
"info","08/05/2010","23:20:53","Registering event GatewayBeforeRead"
"info","08/05/2010","23:20:53","Registering event GatewayAfterRead"
"info","08/05/2010","23:20:53","Registering event GatewayBeforeList"
"info","08/05/2010","23:20:53","Registering event GatewayAfterList"
"info","08/05/2010","23:23:24","Registering event ModelBeforeCreate"
"info","08/05/2010","23:23:24","Registering event ModelAfterCreate"
"info","08/05/2010","23:23:24","Registering event ModelBeforeDelete"
"info","08/05/2010","23:23:24","Registering event ModelAfterDelete"
"info","08/05/2010","23:23:24","Registering event ModelBeforeUpdate"
"info","08/05/2010","23:23:24","Registering event ModelAfterUpdate"
"info","08/05/2010","23:23:24","Registering event ModelOnInvalidBean"
"info","08/05/2010","23:23:24","Registering event GatewayBeforeRead"
"info","08/05/2010","23:23:24","Registering event GatewayAfterRead"
"info","08/05/2010","23:23:24","Registering event GatewayBeforeList"
"info","08/05/2010","23:23:24","Registering event GatewayAfterList"
"info","08/05/2010","23:23:36","Registering event ModelBeforeCreate"
"info","08/05/2010","23:23:36","Registering event ModelAfterCreate"
"info","08/05/2010","23:23:36","Registering event ModelBeforeDelete"
"info","08/05/2010","23:23:36","Registering event ModelAfterDelete"
"info","08/05/2010","23:23:36","Registering event ModelBeforeUpdate"
"info","08/05/2010","23:23:36","Registering event ModelAfterUpdate"
"info","08/05/2010","23:23:36","Registering event ModelOnInvalidBean"
"info","08/05/2010","23:23:36","Registering event GatewayBeforeRead"
"info","08/05/2010","23:23:36","Registering event GatewayAfterRead"
"info","08/05/2010","23:23:36","Registering event GatewayBeforeList"
"info","08/05/2010","23:23:36","Registering event GatewayAfterList"
"info","08/05/2010","23:34:07","Registering event ModelBeforeCreate"
"info","08/05/2010","23:34:07","Registering event ModelAfterCreate"
"info","08/05/2010","23:34:07","Registering event ModelBeforeDelete"
"info","08/05/2010","23:34:07","Registering event ModelAfterDelete"
"info","08/05/2010","23:34:07","Registering event ModelBeforeUpdate"
"info","08/05/2010","23:34:07","Registering event ModelAfterUpdate"
"info","08/05/2010","23:34:07","Registering event ModelOnInvalidBean"
"info","08/05/2010","23:34:07","Registering event GatewayBeforeRead"
"info","08/05/2010","23:34:07","Registering event GatewayAfterRead"
"info","08/05/2010","23:34:07","Registering event GatewayBeforeList"
"info","08/05/2010","23:34:07","Registering event GatewayAfterList"
"info","08/05/2010","23:34:07","Dispatched Event ModelBeforeCreate"
"info","08/05/2010","23:34:07","Dispatched Event ModelAfterCreate"
"info","08/05/2010","23:34:37","Registering event ModelBeforeCreate"
"info","08/05/2010","23:34:37","Registering event ModelAfterCreate"
"info","08/05/2010","23:34:37","Registering event ModelBeforeDelete"
"info","08/05/2010","23:34:37","Registering event ModelAfterDelete"
"info","08/05/2010","23:34:37","Registering event ModelBeforeUpdate"
"info","08/05/2010","23:34:37","Registering event ModelAfterUpdate"
"info","08/05/2010","23:34:37","Registering event ModelOnInvalidBean"
"info","08/05/2010","23:34:37","Registering event GatewayBeforeRead"
"info","08/05/2010","23:34:37","Registering event GatewayAfterRead"
"info","08/05/2010","23:34:37","Registering event GatewayBeforeList"
"info","08/05/2010","23:34:37","Registering event GatewayAfterList"
"info","08/05/2010","23:34:37","Dispatched Event ModelBeforeCreate"
"info","08/05/2010","23:34:37","Dispatched Event ModelAfterCreate"
"info","08/05/2010","23:34:37","Dispatched Event ModelBeforeDelete"
"info","08/05/2010","23:34:37","Dispatched Event ModelAfterDelete"
"info","08/05/2010","23:34:37","Dispatched Event GatewayBeforeList"
"info","08/05/2010","23:53:28","Registering event ModelBeforeCreate"
"info","08/05/2010","23:53:28","Registering event ModelAfterCreate"
"info","08/05/2010","23:53:28","Registering event ModelBeforeDelete"
"info","08/05/2010","23:53:28","Registering event ModelAfterDelete"
"info","08/05/2010","23:53:28","Registering event ModelBeforeUpdate"
"info","08/05/2010","23:53:28","Registering event ModelAfterUpdate"
"info","08/05/2010","23:53:28","Registering event ModelOnInvalidBean"
"info","08/05/2010","23:53:28","Registering event GatewayBeforeRead"
"info","08/05/2010","23:53:28","Registering event GatewayAfterRead"
"info","08/05/2010","23:53:28","Registering event GatewayBeforeList"
"info","08/05/2010","23:53:28","Registering event GatewayAfterList"
"info","08/05/2010","23:53:28","Dispatched Event ModelBeforeCreate"
"info","08/05/2010","23:53:28","Dispatched Event ModelAfterCreate"
"info","08/05/2010","23:53:28","Dispatched Event ModelBeforeDelete"
"info","08/05/2010","23:53:28","Dispatched Event ModelAfterDelete"
"info","08/05/2010","23:53:55","Registering event ModelBeforeCreate"
"info","08/05/2010","23:53:55","Registering event ModelAfterCreate"
"info","08/05/2010","23:53:55","Registering event ModelBeforeDelete"
"info","08/05/2010","23:53:55","Registering event ModelAfterDelete"
"info","08/05/2010","23:53:55","Registering event ModelBeforeUpdate"
"info","08/05/2010","23:53:55","Registering event ModelAfterUpdate"
"info","08/05/2010","23:53:55","Registering event ModelOnInvalidBean"
"info","08/05/2010","23:53:55","Registering event GatewayBeforeRead"
"info","08/05/2010","23:53:55","Registering event GatewayAfterRead"
"info","08/05/2010","23:53:55","Registering event GatewayBeforeList"
"info","08/05/2010","23:53:55","Registering event GatewayAfterList"
"info","08/05/2010","23:53:55","Dispatched Event ModelBeforeCreate"
"info","08/05/2010","23:53:55","Dispatched Event ModelAfterCreate"
"info","08/05/2010","23:53:55","Dispatched Event ModelBeforeDelete"
"info","08/05/2010","23:53:55","Dispatched Event ModelAfterDelete"
"info","08/05/2010","23:53:56","Dispatched Event GatewayBeforeList"
"info","08/06/2010","00:03:49","Registering event ModelBeforeCreate"
"info","08/06/2010","00:03:49","Registering event ModelAfterCreate"
"info","08/06/2010","00:03:49","Registering event ModelBeforeDelete"
"info","08/06/2010","00:03:49","Registering event ModelAfterDelete"
"info","08/06/2010","00:03:49","Registering event ModelBeforeUpdate"
"info","08/06/2010","00:03:49","Registering event ModelAfterUpdate"
"info","08/06/2010","00:03:49","Registering event ModelOnInvalidBean"
"info","08/06/2010","00:03:49","Registering event GatewayBeforeRead"
"info","08/06/2010","00:03:49","Registering event GatewayAfterRead"
"info","08/06/2010","00:03:49","Registering event GatewayBeforeList"
"info","08/06/2010","00:03:49","Registering event GatewayAfterList"
"info","08/06/2010","00:03:50","Dispatched Event ModelBeforeCreate"
"info","08/06/2010","00:03:50","Dispatched Event ModelAfterCreate"
"info","08/06/2010","00:03:50","Dispatched Event ModelBeforeDelete"
"info","08/06/2010","00:03:50","Dispatched Event ModelAfterDelete"
"info","08/06/2010","00:04:32","Registering event ModelBeforeCreate"
"info","08/06/2010","00:04:32","Registering event ModelAfterCreate"
"info","08/06/2010","00:04:32","Registering event ModelBeforeDelete"
"info","08/06/2010","00:04:32","Registering event ModelAfterDelete"
"info","08/06/2010","00:04:32","Registering event ModelBeforeUpdate"
"info","08/06/2010","00:04:32","Registering event ModelAfterUpdate"
"info","08/06/2010","00:04:32","Registering event ModelOnInvalidBean"
"info","08/06/2010","00:04:32","Registering event GatewayBeforeRead"
"info","08/06/2010","00:04:32","Registering event GatewayAfterRead"
"info","08/06/2010","00:04:32","Registering event GatewayBeforeList"
"info","08/06/2010","00:04:32","Registering event GatewayAfterList"
"info","08/06/2010","00:04:32","Dispatched Event ModelBeforeCreate"
"info","08/06/2010","00:04:32","Dispatched Event ModelAfterCreate"
"info","08/06/2010","00:04:32","Dispatched Event ModelBeforeDelete"
"info","08/06/2010","00:04:32","Dispatched Event ModelAfterDelete"
"info","08/06/2010","00:04:54","Registering event ModelBeforeCreate"
"info","08/06/2010","00:04:54","Registering event ModelAfterCreate"
"info","08/06/2010","00:04:54","Registering event ModelBeforeDelete"
"info","08/06/2010","00:04:54","Registering event ModelAfterDelete"
"info","08/06/2010","00:04:54","Registering event ModelBeforeUpdate"
"info","08/06/2010","00:04:54","Registering event ModelAfterUpdate"
"info","08/06/2010","00:04:54","Registering event ModelOnInvalidBean"
"info","08/06/2010","00:04:55","Registering event GatewayBeforeRead"
"info","08/06/2010","00:04:55","Registering event GatewayAfterRead"
"info","08/06/2010","00:04:55","Registering event GatewayBeforeList"
"info","08/06/2010","00:04:55","Registering event GatewayAfterList"
"info","08/06/2010","00:04:55","Dispatched Event ModelBeforeCreate"
"info","08/06/2010","00:04:55","Dispatched Event ModelAfterCreate"
"info","08/06/2010","00:04:55","Dispatched Event ModelBeforeDelete"
"info","08/06/2010","00:04:55","Dispatched Event ModelAfterDelete"
"info","08/06/2010","00:04:55","Dispatched Event GatewayBeforeList"
"info","08/06/2010","00:07:54","Registering event ModelBeforeCreate"
"info","08/06/2010","00:07:54","Registering event ModelAfterCreate"
"info","08/06/2010","00:07:54","Registering event ModelBeforeDelete"
"info","08/06/2010","00:07:54","Registering event ModelAfterDelete"
"info","08/06/2010","00:07:54","Registering event ModelBeforeUpdate"
"info","08/06/2010","00:07:54","Registering event ModelAfterUpdate"
"info","08/06/2010","00:07:54","Registering event ModelOnInvalidBean"
"info","08/06/2010","00:07:54","Registering event GatewayBeforeRead"
"info","08/06/2010","00:07:54","Registering event GatewayAfterRead"
"info","08/06/2010","00:07:54","Registering event GatewayBeforeList"
"info","08/06/2010","00:07:54","Registering event GatewayAfterList"
"info","08/06/2010","00:07:55","Dispatched Event ModelBeforeCreate"
"info","08/06/2010","00:07:55","Dispatched Event ModelAfterCreate"
"info","08/06/2010","00:07:55","Dispatched Event ModelBeforeDelete"
"info","08/06/2010","00:07:55","Dispatched Event ModelAfterDelete"
"info","08/06/2010","00:07:55","Dispatched Event GatewayBeforeList"
"info","08/06/2010","00:09:04","Registering event ModelBeforeCreate"
"info","08/06/2010","00:09:04","Registering event ModelAfterCreate"
"info","08/06/2010","00:09:04","Registering event ModelBeforeDelete"
"info","08/06/2010","00:09:04","Registering event ModelAfterDelete"
"info","08/06/2010","00:09:04","Registering event ModelBeforeUpdate"
"info","08/06/2010","00:09:04","Registering event ModelAfterUpdate"
"info","08/06/2010","00:09:04","Registering event ModelOnInvalidBean"
"info","08/06/2010","00:09:04","Registering event GatewayBeforeRead"
"info","08/06/2010","00:09:04","Registering event GatewayAfterRead"
"info","08/06/2010","00:09:04","Registering event GatewayBeforeList"
"info","08/06/2010","00:09:04","Registering event GatewayAfterList"
"info","08/06/2010","00:09:04","Dispatched Event ModelBeforeCreate"
"info","08/06/2010","00:09:05","Dispatched Event ModelAfterCreate"
"info","08/06/2010","00:09:05","Dispatched Event ModelBeforeDelete"
"info","08/06/2010","00:09:05","Dispatched Event ModelAfterDelete"
"info","08/06/2010","00:09:05","Dispatched Event GatewayBeforeList"
"info","08/06/2010","00:09:05","Dispatched Event GatewayAfterList"
"info","08/06/2010","00:09:08","Registering event ModelBeforeCreate"
"info","08/06/2010","00:09:08","Registering event ModelAfterCreate"
"info","08/06/2010","00:09:08","Registering event ModelBeforeDelete"
"info","08/06/2010","00:09:09","Registering event ModelAfterDelete"
"info","08/06/2010","00:09:09","Registering event ModelBeforeUpdate"
"info","08/06/2010","00:09:09","Registering event ModelAfterUpdate"
"info","08/06/2010","00:09:09","Registering event ModelOnInvalidBean"
"info","08/06/2010","00:09:09","Registering event GatewayBeforeRead"
"info","08/06/2010","00:09:09","Registering event GatewayAfterRead"
"info","08/06/2010","00:09:09","Registering event GatewayBeforeList"
"info","08/06/2010","00:09:09","Registering event GatewayAfterList"
"info","08/06/2010","00:09:09","Dispatched Event ModelBeforeCreate"
"info","08/06/2010","00:09:09","Dispatched Event ModelAfterCreate"
"info","08/06/2010","00:09:10","Registering event ModelBeforeCreate"
"info","08/06/2010","00:09:10","Registering event ModelAfterCreate"
"info","08/06/2010","00:09:10","Registering event ModelBeforeDelete"
"info","08/06/2010","00:09:10","Registering event ModelAfterDelete"
"info","08/06/2010","00:09:10","Registering event ModelBeforeUpdate"
"info","08/06/2010","00:09:10","Registering event ModelAfterUpdate"
"info","08/06/2010","00:09:10","Registering event ModelOnInvalidBean"
"info","08/06/2010","00:09:10","Registering event GatewayBeforeRead"
"info","08/06/2010","00:09:10","Registering event GatewayAfterRead"
"info","08/06/2010","00:09:10","Registering event GatewayBeforeList"
"info","08/06/2010","00:09:10","Registering event GatewayAfterList"
"info","08/06/2010","00:09:11","Registering event ModelBeforeCreate"
"info","08/06/2010","00:09:11","Registering event ModelAfterCreate"
"info","08/06/2010","00:09:11","Registering event ModelBeforeDelete"
"info","08/06/2010","00:09:11","Registering event ModelAfterDelete"
"info","08/06/2010","00:09:11","Registering event ModelBeforeUpdate"
"info","08/06/2010","00:09:11","Registering event ModelAfterUpdate"
"info","08/06/2010","00:09:11","Registering event ModelOnInvalidBean"
"info","08/06/2010","00:09:11","Registering event GatewayBeforeRead"
"info","08/06/2010","00:09:11","Registering event GatewayAfterRead"
"info","08/06/2010","00:09:11","Registering event GatewayBeforeList"
"info","08/06/2010","00:09:11","Registering event GatewayAfterList"
"info","08/06/2010","00:09:11","Registering event ModelBeforeCreate"
"info","08/06/2010","00:09:11","Registering event ModelAfterCreate"
"info","08/06/2010","00:09:11","Registering event ModelBeforeDelete"
"info","08/06/2010","00:09:11","Registering event ModelAfterDelete"
"info","08/06/2010","00:09:11","Registering event ModelBeforeUpdate"
"info","08/06/2010","00:09:11","Registering event ModelAfterUpdate"
"info","08/06/2010","00:09:11","Registering event ModelOnInvalidBean"
"info","08/06/2010","00:09:11","Registering event GatewayBeforeRead"
"info","08/06/2010","00:09:11","Registering event GatewayAfterRead"
"info","08/06/2010","00:09:11","Registering event GatewayBeforeList"
"info","08/06/2010","00:09:11","Registering event GatewayAfterList"
"info","08/06/2010","00:09:13","Registering event ModelBeforeCreate"
"info","08/06/2010","00:09:13","Registering event ModelAfterCreate"
"info","08/06/2010","00:09:13","Registering event ModelBeforeDelete"
"info","08/06/2010","00:09:13","Registering event ModelAfterDelete"
"info","08/06/2010","00:09:13","Registering event ModelBeforeUpdate"
"info","08/06/2010","00:09:13","Registering event ModelAfterUpdate"
"info","08/06/2010","00:09:13","Registering event ModelOnInvalidBean"
"info","08/06/2010","00:09:13","Registering event GatewayBeforeRead"
"info","08/06/2010","00:09:13","Registering event GatewayAfterRead"
"info","08/06/2010","00:09:13","Registering event GatewayBeforeList"
"info","08/06/2010","00:09:13","Registering event GatewayAfterList"
"info","08/06/2010","00:09:13","Dispatched Event ModelBeforeCreate"
"info","08/06/2010","00:09:13","Dispatched Event ModelAfterCreate"
"info","08/06/2010","00:09:13","Dispatched Event ModelBeforeDelete"
"info","08/06/2010","00:09:13","Dispatched Event ModelAfterDelete"
"info","08/06/2010","00:09:13","Dispatched Event GatewayBeforeList"
"info","08/06/2010","00:09:13","Dispatched Event GatewayAfterList"
"info","08/06/2010","00:09:14","Registering event ModelBeforeCreate"
"info","08/06/2010","00:09:14","Registering event ModelAfterCreate"
"info","08/06/2010","00:09:14","Registering event ModelBeforeDelete"
"info","08/06/2010","00:09:14","Registering event ModelAfterDelete"
"info","08/06/2010","00:09:14","Registering event ModelBeforeUpdate"
"info","08/06/2010","00:09:14","Registering event ModelAfterUpdate"
"info","08/06/2010","00:09:14","Registering event ModelOnInvalidBean"
"info","08/06/2010","00:09:14","Registering event GatewayBeforeRead"
"info","08/06/2010","00:09:14","Registering event GatewayAfterRead"
"info","08/06/2010","00:09:14","Registering event GatewayBeforeList"
"info","08/06/2010","00:09:14","Registering event GatewayAfterList"
"info","08/06/2010","00:09:15","Registering event ModelBeforeCreate"
"info","08/06/2010","00:09:15","Registering event ModelAfterCreate"
"info","08/06/2010","00:09:15","Registering event ModelBeforeDelete"
"info","08/06/2010","00:09:15","Registering event ModelAfterDelete"
"info","08/06/2010","00:09:15","Registering event ModelBeforeUpdate"
"info","08/06/2010","00:09:15","Registering event ModelAfterUpdate"
"info","08/06/2010","00:09:15","Registering event ModelOnInvalidBean"
"info","08/06/2010","00:09:15","Registering event GatewayBeforeRead"
"info","08/06/2010","00:09:15","Registering event GatewayAfterRead"
"info","08/06/2010","00:09:15","Registering event GatewayBeforeList"
"info","08/06/2010","00:09:15","Registering event GatewayAfterList"
"info","08/06/2010","00:09:16","Dispatched Event ModelBeforeCreate"
"info","08/06/2010","00:09:16","Dispatched Event ModelAfterCreate"
"info","08/06/2010","00:09:16","Dispatched Event ModelBeforeUpdate"
"info","08/06/2010","00:09:16","Dispatched Event ModelAfterUpdate"
"info","08/06/2010","00:09:16","Dispatched Event GatewayBeforeRead"
"info","08/06/2010","00:09:16","Dispatched Event GatewayAfterRead"
"info","08/06/2010","00:09:17","Registering event ModelBeforeCreate"
"info","08/06/2010","00:09:17","Registering event ModelAfterCreate"
"info","08/06/2010","00:09:17","Registering event ModelBeforeDelete"
"info","08/06/2010","00:09:17","Registering event ModelAfterDelete"
"info","08/06/2010","00:09:17","Registering event ModelBeforeUpdate"
"info","08/06/2010","00:09:17","Registering event ModelAfterUpdate"
"info","08/06/2010","00:09:17","Registering event ModelOnInvalidBean"
"info","08/06/2010","00:09:17","Registering event GatewayBeforeRead"
"info","08/06/2010","00:09:17","Registering event GatewayAfterRead"
"info","08/06/2010","00:09:17","Registering event GatewayBeforeList"
"info","08/06/2010","00:09:17","Registering event GatewayAfterList"
"info","08/06/2010","00:09:17","Dispatched Event ModelBeforeCreate"
"info","08/06/2010","00:09:17","Dispatched Event ModelAfterCreate"
"info","08/06/2010","00:09:18","Dispatched Event GatewayBeforeRead"
"info","08/06/2010","00:09:18","Dispatched Event GatewayAfterRead"
"info","08/06/2010","00:09:18","Dispatched Event ModelBeforeCreate"
"info","08/06/2010","00:09:18","Dispatched Event ModelAfterCreate"
"info","08/06/2010","00:09:18","Dispatched Event GatewayBeforeRead"
"info","08/06/2010","00:09:18","Dispatched Event GatewayAfterRead"
"info","08/06/2010","00:17:16","Registering event ModelBeforeCreate"
"info","08/06/2010","00:17:16","Registering event ModelAfterCreate"
"info","08/06/2010","00:17:16","Registering event ModelBeforeDelete"
"info","08/06/2010","00:17:16","Registering event ModelAfterDelete"
"info","08/06/2010","00:17:16","Registering event ModelBeforeUpdate"
"info","08/06/2010","00:17:16","Registering event ModelAfterUpdate"
"info","08/06/2010","00:17:16","Registering event ModelOnInvalidBean"
"info","08/06/2010","00:17:16","Registering event GatewayBeforeRead"
"info","08/06/2010","00:17:16","Registering event GatewayAfterRead"
"info","08/06/2010","00:17:16","Registering event GatewayBeforeList"
"info","08/06/2010","00:17:16","Registering event GatewayAfterList"
"info","08/06/2010","00:17:17","Dispatched Event ModelBeforeCreate"
"info","08/06/2010","00:17:17","Dispatched Event ModelAfterCreate"
"info","08/06/2010","00:17:17","Dispatched Event GatewayBeforeRead"
"info","08/06/2010","00:17:17","Dispatched Event GatewayAfterRead"
"info","08/06/2010","00:17:17","Dispatched Event ModelBeforeCreate"
"info","08/06/2010","00:17:17","Dispatched Event ModelAfterCreate"
"info","08/06/2010","00:17:17","Dispatched Event GatewayBeforeRead"
"info","08/06/2010","00:17:17","Dispatched Event GatewayAfterRead"
"info","08/06/2010","00:17:17","Dispatched Event GatewayBeforeRead"
"info","08/06/2010","00:17:17","Dispatched Event GatewayAfterRead"
"info","08/06/2010","00:17:17","Dispatched Event GatewayBeforeRead"
"info","08/06/2010","00:17:17","Dispatched Event GatewayAfterRead"
"info","08/06/2010","00:17:21","Registering event ModelBeforeCreate"
"info","08/06/2010","00:17:21","Registering event ModelAfterCreate"
"info","08/06/2010","00:17:21","Registering event ModelBeforeDelete"
"info","08/06/2010","00:17:21","Registering event ModelAfterDelete"
"info","08/06/2010","00:17:21","Registering event ModelBeforeUpdate"
"info","08/06/2010","00:17:21","Registering event ModelAfterUpdate"
"info","08/06/2010","00:17:21","Registering event ModelOnInvalidBean"
"info","08/06/2010","00:17:21","Registering event GatewayBeforeRead"
"info","08/06/2010","00:17:21","Registering event GatewayAfterRead"
"info","08/06/2010","00:17:21","Registering event GatewayBeforeList"
"info","08/06/2010","00:17:21","Registering event GatewayAfterList"
"info","08/06/2010","00:17:21","Dispatched Event ModelBeforeCreate"
"info","08/06/2010","00:17:21","Dispatched Event ModelAfterCreate"
"info","08/06/2010","00:17:22","Registering event ModelBeforeCreate"
"info","08/06/2010","00:17:22","Registering event ModelAfterCreate"
"info","08/06/2010","00:17:22","Registering event ModelBeforeDelete"
"info","08/06/2010","00:17:22","Registering event ModelAfterDelete"
"info","08/06/2010","00:17:22","Registering event ModelBeforeUpdate"
"info","08/06/2010","00:17:22","Registering event ModelAfterUpdate"
"info","08/06/2010","00:17:22","Registering event ModelOnInvalidBean"
"info","08/06/2010","00:17:22","Registering event GatewayBeforeRead"
"info","08/06/2010","00:17:22","Registering event GatewayAfterRead"
"info","08/06/2010","00:17:22","Registering event GatewayBeforeList"
"info","08/06/2010","00:17:22","Registering event GatewayAfterList"
"info","08/06/2010","00:17:23","Registering event ModelBeforeCreate"
"info","08/06/2010","00:17:23","Registering event ModelAfterCreate"
"info","08/06/2010","00:17:23","Registering event ModelBeforeDelete"
"info","08/06/2010","00:17:23","Registering event ModelAfterDelete"
"info","08/06/2010","00:17:23","Registering event ModelBeforeUpdate"
"info","08/06/2010","00:17:23","Registering event ModelAfterUpdate"
"info","08/06/2010","00:17:23","Registering event ModelOnInvalidBean"
"info","08/06/2010","00:17:23","Registering event GatewayBeforeRead"
"info","08/06/2010","00:17:23","Registering event GatewayAfterRead"
"info","08/06/2010","00:17:23","Registering event GatewayBeforeList"
"info","08/06/2010","00:17:23","Registering event GatewayAfterList"
"info","08/06/2010","00:17:23","Registering event ModelBeforeCreate"
"info","08/06/2010","00:17:23","Registering event ModelAfterCreate"
"info","08/06/2010","00:17:23","Registering event ModelBeforeDelete"
"info","08/06/2010","00:17:23","Registering event ModelAfterDelete"
"info","08/06/2010","00:17:23","Registering event ModelBeforeUpdate"
"info","08/06/2010","00:17:23","Registering event ModelAfterUpdate"
"info","08/06/2010","00:17:23","Registering event ModelOnInvalidBean"
"info","08/06/2010","00:17:23","Registering event GatewayBeforeRead"
"info","08/06/2010","00:17:23","Registering event GatewayAfterRead"
"info","08/06/2010","00:17:23","Registering event GatewayBeforeList"
"info","08/06/2010","00:17:23","Registering event GatewayAfterList"
"info","08/06/2010","00:17:25","Registering event ModelBeforeCreate"
"info","08/06/2010","00:17:25","Registering event ModelAfterCreate"
"info","08/06/2010","00:17:25","Registering event ModelBeforeDelete"
"info","08/06/2010","00:17:25","Registering event ModelAfterDelete"
"info","08/06/2010","00:17:25","Registering event ModelBeforeUpdate"
"info","08/06/2010","00:17:25","Registering event ModelAfterUpdate"
"info","08/06/2010","00:17:25","Registering event ModelOnInvalidBean"
"info","08/06/2010","00:17:25","Registering event GatewayBeforeRead"
"info","08/06/2010","00:17:25","Registering event GatewayAfterRead"
"info","08/06/2010","00:17:25","Registering event GatewayBeforeList"
"info","08/06/2010","00:17:25","Registering event GatewayAfterList"
"info","08/06/2010","00:17:25","Dispatched Event ModelBeforeCreate"
"info","08/06/2010","00:17:25","Dispatched Event ModelAfterCreate"
"info","08/06/2010","00:17:25","Dispatched Event ModelBeforeDelete"
"info","08/06/2010","00:17:25","Dispatched Event ModelAfterDelete"
"info","08/06/2010","00:17:25","Dispatched Event GatewayBeforeList"
"info","08/06/2010","00:17:25","Dispatched Event GatewayAfterList"
"info","08/06/2010","00:17:26","Registering event ModelBeforeCreate"
"info","08/06/2010","00:17:26","Registering event ModelAfterCreate"
"info","08/06/2010","00:17:26","Registering event ModelBeforeDelete"
"info","08/06/2010","00:17:26","Registering event ModelAfterDelete"
"info","08/06/2010","00:17:26","Registering event ModelBeforeUpdate"
"info","08/06/2010","00:17:26","Registering event ModelAfterUpdate"
"info","08/06/2010","00:17:26","Registering event ModelOnInvalidBean"
"info","08/06/2010","00:17:26","Registering event GatewayBeforeRead"
"info","08/06/2010","00:17:26","Registering event GatewayAfterRead"
"info","08/06/2010","00:17:26","Registering event GatewayBeforeList"
"info","08/06/2010","00:17:26","Registering event GatewayAfterList"
"info","08/06/2010","00:17:27","Registering event ModelBeforeCreate"
"info","08/06/2010","00:17:27","Registering event ModelAfterCreate"
"info","08/06/2010","00:17:27","Registering event ModelBeforeDelete"
"info","08/06/2010","00:17:27","Registering event ModelAfterDelete"
"info","08/06/2010","00:17:27","Registering event ModelBeforeUpdate"
"info","08/06/2010","00:17:27","Registering event ModelAfterUpdate"
"info","08/06/2010","00:17:27","Registering event ModelOnInvalidBean"
"info","08/06/2010","00:17:27","Registering event GatewayBeforeRead"
"info","08/06/2010","00:17:27","Registering event GatewayAfterRead"
"info","08/06/2010","00:17:27","Registering event GatewayBeforeList"
"info","08/06/2010","00:17:27","Registering event GatewayAfterList"
"info","08/06/2010","00:17:28","Dispatched Event ModelBeforeCreate"
"info","08/06/2010","00:17:28","Dispatched Event ModelAfterCreate"
"info","08/06/2010","00:17:28","Dispatched Event ModelBeforeUpdate"
"info","08/06/2010","00:17:28","Dispatched Event ModelAfterUpdate"
"info","08/06/2010","00:17:28","Dispatched Event GatewayBeforeRead"
"info","08/06/2010","00:17:28","Dispatched Event GatewayAfterRead"
"info","08/06/2010","00:17:29","Registering event ModelBeforeCreate"
"info","08/06/2010","00:17:29","Registering event ModelAfterCreate"
"info","08/06/2010","00:17:29","Registering event ModelBeforeDelete"
"info","08/06/2010","00:17:29","Registering event ModelAfterDelete"
"info","08/06/2010","00:17:29","Registering event ModelBeforeUpdate"
"info","08/06/2010","00:17:29","Registering event ModelAfterUpdate"
"info","08/06/2010","00:17:29","Registering event ModelOnInvalidBean"
"info","08/06/2010","00:17:29","Registering event GatewayBeforeRead"
"info","08/06/2010","00:17:29","Registering event GatewayAfterRead"
"info","08/06/2010","00:17:29","Registering event GatewayBeforeList"
"info","08/06/2010","00:17:29","Registering event GatewayAfterList"
"info","08/06/2010","00:17:29","Dispatched Event ModelBeforeCreate"
"info","08/06/2010","00:17:29","Dispatched Event ModelAfterCreate"
"info","08/06/2010","00:17:30","Dispatched Event GatewayBeforeRead"
"info","08/06/2010","00:17:30","Dispatched Event GatewayAfterRead"
"info","08/06/2010","00:17:30","Dispatched Event ModelBeforeCreate"
"info","08/06/2010","00:17:30","Dispatched Event ModelAfterCreate"
"info","08/06/2010","00:17:30","Dispatched Event GatewayBeforeRead"
"info","08/06/2010","00:17:30","Dispatched Event GatewayAfterRead"
"info","08/06/2010","00:17:30","Dispatched Event GatewayBeforeRead"
"info","08/06/2010","00:17:30","Dispatched Event GatewayAfterRead"
"info","08/06/2010","00:17:30","Dispatched Event GatewayBeforeRead"
"info","08/06/2010","00:17:30","Dispatched Event GatewayAfterRead"
"info","08/06/2010","00:17:33","Registering event ModelBeforeCreate"
"info","08/06/2010","00:17:33","Registering event ModelAfterCreate"
"info","08/06/2010","00:17:33","Registering event ModelBeforeDelete"
"info","08/06/2010","00:17:33","Registering event ModelAfterDelete"
"info","08/06/2010","00:17:33","Registering event ModelBeforeUpdate"
"info","08/06/2010","00:17:33","Registering event ModelAfterUpdate"
"info","08/06/2010","00:17:33","Registering event ModelOnInvalidBean"
"info","08/06/2010","00:17:33","Registering event GatewayBeforeRead"
"info","08/06/2010","00:17:33","Registering event GatewayAfterRead"
"info","08/06/2010","00:17:33","Registering event GatewayBeforeList"
"info","08/06/2010","00:17:33","Registering event GatewayAfterList"
"info","08/06/2010","00:17:33","Dispatched Event ModelBeforeCreate"
"info","08/06/2010","00:17:33","Dispatched Event ModelAfterCreate"
"info","08/06/2010","00:17:34","Registering event ModelBeforeCreate"
"info","08/06/2010","00:17:34","Registering event ModelAfterCreate"
"info","08/06/2010","00:17:34","Registering event ModelBeforeDelete"
"info","08/06/2010","00:17:34","Registering event ModelAfterDelete"
"info","08/06/2010","00:17:34","Registering event ModelBeforeUpdate"
"info","08/06/2010","00:17:34","Registering event ModelAfterUpdate"
"info","08/06/2010","00:17:34","Registering event ModelOnInvalidBean"
"info","08/06/2010","00:17:34","Registering event GatewayBeforeRead"
"info","08/06/2010","00:17:34","Registering event GatewayAfterRead"
"info","08/06/2010","00:17:34","Registering event GatewayBeforeList"
"info","08/06/2010","00:17:34","Registering event GatewayAfterList"
"info","08/06/2010","00:17:35","Registering event ModelBeforeCreate"
"info","08/06/2010","00:17:35","Registering event ModelAfterCreate"
"info","08/06/2010","00:17:35","Registering event ModelBeforeDelete"
"info","08/06/2010","00:17:35","Registering event ModelAfterDelete"
"info","08/06/2010","00:17:35","Registering event ModelBeforeUpdate"
"info","08/06/2010","00:17:35","Registering event ModelAfterUpdate"
"info","08/06/2010","00:17:35","Registering event ModelOnInvalidBean"
"info","08/06/2010","00:17:35","Registering event GatewayBeforeRead"
"info","08/06/2010","00:17:35","Registering event GatewayAfterRead"
"info","08/06/2010","00:17:35","Registering event GatewayBeforeList"
"info","08/06/2010","00:17:35","Registering event GatewayAfterList"
"info","08/06/2010","00:17:36","Registering event ModelBeforeCreate"
"info","08/06/2010","00:17:36","Registering event ModelAfterCreate"
"info","08/06/2010","00:17:36","Registering event ModelBeforeDelete"
"info","08/06/2010","00:17:36","Registering event ModelAfterDelete"
"info","08/06/2010","00:17:36","Registering event ModelBeforeUpdate"
"info","08/06/2010","00:17:36","Registering event ModelAfterUpdate"
"info","08/06/2010","00:17:36","Registering event ModelOnInvalidBean"
"info","08/06/2010","00:17:36","Registering event GatewayBeforeRead"
"info","08/06/2010","00:17:36","Registering event GatewayAfterRead"
"info","08/06/2010","00:17:36","Registering event GatewayBeforeList"
"info","08/06/2010","00:17:36","Registering event GatewayAfterList"
"info","08/06/2010","00:17:37","Registering event ModelBeforeCreate"
"info","08/06/2010","00:17:37","Registering event ModelAfterCreate"
"info","08/06/2010","00:17:37","Registering event ModelBeforeDelete"
"info","08/06/2010","00:17:37","Registering event ModelAfterDelete"
"info","08/06/2010","00:17:37","Registering event ModelBeforeUpdate"
"info","08/06/2010","00:17:37","Registering event ModelAfterUpdate"
"info","08/06/2010","00:17:37","Registering event ModelOnInvalidBean"
"info","08/06/2010","00:17:37","Registering event GatewayBeforeRead"
"info","08/06/2010","00:17:37","Registering event GatewayAfterRead"
"info","08/06/2010","00:17:37","Registering event GatewayBeforeList"
"info","08/06/2010","00:17:37","Registering event GatewayAfterList"
"info","08/06/2010","00:17:38","Dispatched Event ModelBeforeCreate"
"info","08/06/2010","00:17:38","Dispatched Event ModelAfterCreate"
"info","08/06/2010","00:17:38","Dispatched Event ModelBeforeDelete"
"info","08/06/2010","00:17:38","Dispatched Event ModelAfterDelete"
"info","08/06/2010","00:17:38","Dispatched Event GatewayBeforeList"
"info","08/06/2010","00:17:38","Dispatched Event GatewayAfterList"
"info","08/06/2010","00:17:39","Registering event ModelBeforeCreate"
"info","08/06/2010","00:17:39","Registering event ModelAfterCreate"
"info","08/06/2010","00:17:39","Registering event ModelBeforeDelete"
"info","08/06/2010","00:17:39","Registering event ModelAfterDelete"
"info","08/06/2010","00:17:39","Registering event ModelBeforeUpdate"
"info","08/06/2010","00:17:39","Registering event ModelAfterUpdate"
"info","08/06/2010","00:17:39","Registering event ModelOnInvalidBean"
"info","08/06/2010","00:17:39","Registering event GatewayBeforeRead"
"info","08/06/2010","00:17:39","Registering event GatewayAfterRead"
"info","08/06/2010","00:17:39","Registering event GatewayBeforeList"
"info","08/06/2010","00:17:39","Registering event GatewayAfterList"
"info","08/06/2010","00:17:40","Registering event ModelBeforeCreate"
"info","08/06/2010","00:17:40","Registering event ModelAfterCreate"
"info","08/06/2010","00:17:40","Registering event ModelBeforeDelete"
"info","08/06/2010","00:17:40","Registering event ModelAfterDelete"
"info","08/06/2010","00:17:40","Registering event ModelBeforeUpdate"
"info","08/06/2010","00:17:40","Registering event ModelAfterUpdate"
"info","08/06/2010","00:17:40","Registering event ModelOnInvalidBean"
"info","08/06/2010","00:17:40","Registering event GatewayBeforeRead"
"info","08/06/2010","00:17:40","Registering event GatewayAfterRead"
"info","08/06/2010","00:17:40","Registering event GatewayBeforeList"
"info","08/06/2010","00:17:40","Registering event GatewayAfterList"
"info","08/06/2010","00:17:41","Dispatched Event ModelBeforeCreate"
"info","08/06/2010","00:17:41","Dispatched Event ModelAfterCreate"
"info","08/06/2010","00:17:41","Dispatched Event ModelBeforeUpdate"
"info","08/06/2010","00:17:41","Dispatched Event ModelAfterUpdate"
"info","08/06/2010","00:17:41","Dispatched Event GatewayBeforeRead"
"info","08/06/2010","00:17:41","Dispatched Event GatewayAfterRead"
"info","08/06/2010","00:17:42","Registering event ModelBeforeCreate"
"info","08/06/2010","00:17:42","Registering event ModelAfterCreate"
"info","08/06/2010","00:17:42","Registering event ModelBeforeDelete"
"info","08/06/2010","00:17:42","Registering event ModelAfterDelete"
"info","08/06/2010","00:17:42","Registering event ModelBeforeUpdate"
"info","08/06/2010","00:17:42","Registering event ModelAfterUpdate"
"info","08/06/2010","00:17:42","Registering event ModelOnInvalidBean"
"info","08/06/2010","00:17:42","Registering event GatewayBeforeRead"
"info","08/06/2010","00:17:42","Registering event GatewayAfterRead"
"info","08/06/2010","00:17:42","Registering event GatewayBeforeList"
"info","08/06/2010","00:17:42","Registering event GatewayAfterList"
"info","08/06/2010","00:17:42","Dispatched Event ModelBeforeCreate"
"info","08/06/2010","00:17:42","Dispatched Event ModelAfterCreate"
"info","08/06/2010","00:17:43","Dispatched Event GatewayBeforeRead"
"info","08/06/2010","00:17:43","Dispatched Event GatewayAfterRead"
"info","08/06/2010","00:17:43","Dispatched Event ModelBeforeCreate"
"info","08/06/2010","00:17:43","Dispatched Event ModelAfterCreate"
"info","08/06/2010","00:17:43","Dispatched Event GatewayBeforeRead"
"info","08/06/2010","00:17:43","Dispatched Event GatewayAfterRead"
"info","08/06/2010","00:17:43","Dispatched Event GatewayBeforeRead"
"info","08/06/2010","00:17:43","Dispatched Event GatewayAfterRead"
"info","08/06/2010","00:17:43","Dispatched Event GatewayBeforeRead"
"info","08/06/2010","00:17:43","Dispatched Event GatewayAfterRead"
"info","08/06/2010","00:18:53","Registering event ModelBeforeCreate"
"info","08/06/2010","00:18:53","Registering event ModelAfterCreate"
"info","08/06/2010","00:18:53","Registering event ModelBeforeDelete"
"info","08/06/2010","00:18:53","Registering event ModelAfterDelete"
"info","08/06/2010","00:18:53","Registering event ModelBeforeUpdate"
"info","08/06/2010","00:18:53","Registering event ModelAfterUpdate"
"info","08/06/2010","00:18:53","Registering event ModelOnInvalidBean"
"info","08/06/2010","00:18:53","Registering event GatewayBeforeRead"
"info","08/06/2010","00:18:53","Registering event GatewayAfterRead"
"info","08/06/2010","00:18:53","Registering event GatewayBeforeList"
"info","08/06/2010","00:18:53","Registering event GatewayAfterList"
"info","08/06/2010","00:18:54","Dispatched Event ModelBeforeCreate"
"info","08/06/2010","00:18:54","Dispatched Event ModelAfterCreate"
"info","08/06/2010","00:18:55","Registering event ModelBeforeCreate"
"info","08/06/2010","00:18:55","Registering event ModelAfterCreate"
"info","08/06/2010","00:18:55","Registering event ModelBeforeDelete"
"info","08/06/2010","00:18:55","Registering event ModelAfterDelete"
"info","08/06/2010","00:18:55","Registering event ModelBeforeUpdate"
"info","08/06/2010","00:18:55","Registering event ModelAfterUpdate"
"info","08/06/2010","00:18:55","Registering event ModelOnInvalidBean"
"info","08/06/2010","00:18:55","Registering event GatewayBeforeRead"
"info","08/06/2010","00:18:55","Registering event GatewayAfterRead"
"info","08/06/2010","00:18:55","Registering event GatewayBeforeList"
"info","08/06/2010","00:18:55","Registering event GatewayAfterList"
"info","08/06/2010","00:18:56","Registering event ModelBeforeCreate"
"info","08/06/2010","00:18:56","Registering event ModelAfterCreate"
"info","08/06/2010","00:18:56","Registering event ModelBeforeDelete"
"info","08/06/2010","00:18:56","Registering event ModelAfterDelete"
"info","08/06/2010","00:18:56","Registering event ModelBeforeUpdate"
"info","08/06/2010","00:18:56","Registering event ModelAfterUpdate"
"info","08/06/2010","00:18:56","Registering event ModelOnInvalidBean"
"info","08/06/2010","00:18:56","Registering event GatewayBeforeRead"
"info","08/06/2010","00:18:56","Registering event GatewayAfterRead"
"info","08/06/2010","00:18:56","Registering event GatewayBeforeList"
"info","08/06/2010","00:18:56","Registering event GatewayAfterList"
"info","08/06/2010","00:18:57","Registering event ModelBeforeCreate"
"info","08/06/2010","00:18:57","Registering event ModelAfterCreate"
"info","08/06/2010","00:18:57","Registering event ModelBeforeDelete"
"info","08/06/2010","00:18:57","Registering event ModelAfterDelete"
"info","08/06/2010","00:18:57","Registering event ModelBeforeUpdate"
"info","08/06/2010","00:18:57","Registering event ModelAfterUpdate"
"info","08/06/2010","00:18:57","Registering event ModelOnInvalidBean"
"info","08/06/2010","00:18:57","Registering event GatewayBeforeRead"
"info","08/06/2010","00:18:57","Registering event GatewayAfterRead"
"info","08/06/2010","00:18:57","Registering event GatewayBeforeList"
"info","08/06/2010","00:18:57","Registering event GatewayAfterList"
"info","08/06/2010","00:18:58","Registering event ModelBeforeCreate"
"info","08/06/2010","00:18:58","Registering event ModelAfterCreate"
"info","08/06/2010","00:18:58","Registering event ModelBeforeDelete"
"info","08/06/2010","00:18:58","Registering event ModelAfterDelete"
"info","08/06/2010","00:18:58","Registering event ModelBeforeUpdate"
"info","08/06/2010","00:18:58","Registering event ModelAfterUpdate"
"info","08/06/2010","00:18:58","Registering event ModelOnInvalidBean"
"info","08/06/2010","00:18:58","Registering event GatewayBeforeRead"
"info","08/06/2010","00:18:58","Registering event GatewayAfterRead"
"info","08/06/2010","00:18:58","Registering event GatewayBeforeList"
"info","08/06/2010","00:18:58","Registering event GatewayAfterList"
"info","08/06/2010","00:18:58","Dispatched Event ModelBeforeCreate"
"info","08/06/2010","00:18:58","Dispatched Event ModelAfterCreate"
"info","08/06/2010","00:18:58","Dispatched Event ModelBeforeDelete"
"info","08/06/2010","00:18:58","Dispatched Event ModelAfterDelete"
"info","08/06/2010","00:18:58","Dispatched Event GatewayBeforeList"
"info","08/06/2010","00:18:58","Dispatched Event GatewayAfterList"
"info","08/06/2010","00:18:59","Registering event ModelBeforeCreate"
"info","08/06/2010","00:18:59","Registering event ModelAfterCreate"
"info","08/06/2010","00:18:59","Registering event ModelBeforeDelete"
"info","08/06/2010","00:18:59","Registering event ModelAfterDelete"
"info","08/06/2010","00:18:59","Registering event ModelBeforeUpdate"
"info","08/06/2010","00:18:59","Registering event ModelAfterUpdate"
"info","08/06/2010","00:18:59","Registering event ModelOnInvalidBean"
"info","08/06/2010","00:18:59","Registering event GatewayBeforeRead"
"info","08/06/2010","00:18:59","Registering event GatewayAfterRead"
"info","08/06/2010","00:18:59","Registering event GatewayBeforeList"
"info","08/06/2010","00:18:59","Registering event GatewayAfterList"
"info","08/06/2010","00:19:00","Registering event ModelBeforeCreate"
"info","08/06/2010","00:19:00","Registering event ModelAfterCreate"
"info","08/06/2010","00:19:00","Registering event ModelBeforeDelete"
"info","08/06/2010","00:19:01","Registering event ModelAfterDelete"
"info","08/06/2010","00:19:01","Registering event ModelBeforeUpdate"
"info","08/06/2010","00:19:01","Registering event ModelAfterUpdate"
"info","08/06/2010","00:19:01","Registering event ModelOnInvalidBean"
"info","08/06/2010","00:19:01","Registering event GatewayBeforeRead"
"info","08/06/2010","00:19:01","Registering event GatewayAfterRead"
"info","08/06/2010","00:19:01","Registering event GatewayBeforeList"
"info","08/06/2010","00:19:01","Registering event GatewayAfterList"
"info","08/06/2010","00:19:01","Dispatched Event ModelBeforeCreate"
"info","08/06/2010","00:19:01","Dispatched Event ModelAfterCreate"
"info","08/06/2010","00:19:01","Dispatched Event ModelBeforeUpdate"
"info","08/06/2010","00:19:01","Dispatched Event ModelAfterUpdate"
"info","08/06/2010","00:19:01","Dispatched Event GatewayBeforeRead"
"info","08/06/2010","00:19:01","Dispatched Event GatewayAfterRead"
"info","08/06/2010","00:19:02","Registering event ModelBeforeCreate"
"info","08/06/2010","00:19:02","Registering event ModelAfterCreate"
"info","08/06/2010","00:19:02","Registering event ModelBeforeDelete"
"info","08/06/2010","00:19:02","Registering event ModelAfterDelete"
"info","08/06/2010","00:19:02","Registering event ModelBeforeUpdate"
"info","08/06/2010","00:19:02","Registering event ModelAfterUpdate"
"info","08/06/2010","00:19:02","Registering event ModelOnInvalidBean"
"info","08/06/2010","00:19:02","Registering event GatewayBeforeRead"
"info","08/06/2010","00:19:02","Registering event GatewayAfterRead"
"info","08/06/2010","00:19:02","Registering event GatewayBeforeList"
"info","08/06/2010","00:19:02","Registering event GatewayAfterList"
"info","08/06/2010","00:19:03","Dispatched Event ModelBeforeCreate"
"info","08/06/2010","00:19:03","Dispatched Event ModelAfterCreate"
"info","08/06/2010","00:19:03","Dispatched Event GatewayBeforeRead"
"info","08/06/2010","00:19:03","Dispatched Event GatewayAfterRead"
"info","08/06/2010","00:19:03","Dispatched Event ModelBeforeCreate"
"info","08/06/2010","00:19:03","Dispatched Event ModelAfterCreate"
"info","08/06/2010","00:19:03","Dispatched Event GatewayBeforeRead"
"info","08/06/2010","00:19:03","Dispatched Event GatewayAfterRead"
"info","08/06/2010","00:19:03","Dispatched Event GatewayBeforeRead"
"info","08/06/2010","00:19:03","Dispatched Event GatewayAfterRead"
"info","08/06/2010","00:19:03","Dispatched Event GatewayBeforeRead"
"info","08/06/2010","00:19:03","Dispatched Event GatewayAfterRead"
